<?xml version="1.0" encoding="UTF-8"?>
<!-- Generated by org.testng.reporters.JUnitXMLReporter -->
<testsuite hostname="EDZ-20180329MIP" name="Test1" tests="900" failures="0" timestamp="24 Aug 2018 01:22:02 GMT" time="2.491" errors="0">
  <testcase name="service" time="0.003" classname="testcases.CountingTest"/>
  <testcase name="service" time="0.001" classname="testcases.CountingTest"/>
  <testcase name="service" time="0.001" classname="testcases.CountingTest"/>
  <testcase name="service" time="0.006" classname="testcases.CountingTest"/>
  <testcase name="service" time="0.009" classname="testcases.CountingTest"/>
  <testcase name="service" time="0.01" classname="testcases.CountingTest"/>
  <testcase name="service" time="0.014" classname="testcases.CountingTest"/>
  <testcase name="service" time="0.015" classname="testcases.CountingTest"/>
  <testcase name="service" time="0.001" classname="testcases.CountingTest"/>
  <testcase name="service" time="0.0" classname="testcases.CountingTest"/>
  <testcase name="service" time="0.007" classname="testcases.CountingTest"/>
  <testcase name="service" time="0.009" classname="testcases.CountingTest"/>
  <testcase name="service" time="0.012" classname="testcases.CountingTest"/>
  <testcase name="service" time="0.015" classname="testcases.CountingTest"/>
  <testcase name="service" time="0.002" classname="testcases.CountingTest"/>
  <testcase name="service" time="0.025" classname="testcases.CountingTest"/>
  <testcase name="service" time="0.003" classname="testcases.CountingTest"/>
  <testcase name="service" time="0.001" classname="testcases.CountingTest"/>
  <testcase name="service" time="0.022" classname="testcases.CountingTest"/>
  <testcase name="service" time="0.001" classname="testcases.CountingTest"/>
  <testcase name="service" time="0.062" classname="testcases.CountingTest"/>
  <testcase name="service" time="0.001" classname="testcases.CountingTest"/>
  <testcase name="service" time="0.001" classname="testcases.CountingTest"/>
  <testcase name="service" time="0.001" classname="testcases.CountingTest"/>
  <testcase name="service" time="0.001" classname="testcases.CountingTest"/>
  <testcase name="service" time="0.001" classname="testcases.CountingTest"/>
  <testcase name="service" time="0.001" classname="testcases.CountingTest"/>
  <testcase name="service" time="0.001" classname="testcases.CountingTest"/>
  <testcase name="service" time="0.001" classname="testcases.CountingTest"/>
  <testcase name="service" time="0.004" classname="testcases.CountingTest"/>
  <testcase name="service" time="0.007" classname="testcases.CountingTest"/>
  <testcase name="service" time="0.003" classname="testcases.CountingTest"/>
  <testcase name="service" time="0.004" classname="testcases.CountingTest"/>
  <testcase name="service" time="0.001" classname="testcases.CountingTest"/>
  <testcase name="service" time="0.001" classname="testcases.CountingTest"/>
  <testcase name="service" time="0.002" classname="testcases.CountingTest"/>
  <testcase name="service" time="0.001" classname="testcases.CountingTest"/>
  <testcase name="service" time="0.003" classname="testcases.CountingTest"/>
  <testcase name="service" time="0.003" classname="testcases.CountingTest"/>
  <testcase name="service" time="0.001" classname="testcases.CountingTest"/>
  <testcase name="service" time="0.001" classname="testcases.CountingTest"/>
  <testcase name="service" time="0.003" classname="testcases.CountingTest"/>
  <testcase name="service" time="0.003" classname="testcases.CountingTest"/>
  <testcase name="service" time="0.003" classname="testcases.CountingTest"/>
  <testcase name="service" time="0.001" classname="testcases.CountingTest"/>
  <testcase name="service" time="0.001" classname="testcases.CountingTest"/>
  <testcase name="service" time="0.004" classname="testcases.CountingTest"/>
  <testcase name="service" time="0.003" classname="testcases.CountingTest"/>
  <testcase name="service" time="0.001" classname="testcases.CountingTest"/>
  <testcase name="service" time="0.003" classname="testcases.CountingTest"/>
  <testcase name="service" time="0.001" classname="testcases.CountingTest"/>
  <testcase name="service" time="0.002" classname="testcases.CountingTest"/>
  <testcase name="service" time="0.001" classname="testcases.CountingTest"/>
  <testcase name="service" time="0.001" classname="testcases.CountingTest"/>
  <testcase name="service" time="0.001" classname="testcases.CountingTest"/>
  <testcase name="service" time="0.001" classname="testcases.CountingTest"/>
  <testcase name="service" time="0.003" classname="testcases.CountingTest"/>
  <testcase name="service" time="0.001" classname="testcases.CountingTest"/>
  <testcase name="service" time="0.001" classname="testcases.CountingTest"/>
  <testcase name="service" time="0.001" classname="testcases.CountingTest"/>
  <testcase name="service" time="0.001" classname="testcases.CountingTest"/>
  <testcase name="service" time="0.001" classname="testcases.CountingTest"/>
  <testcase name="service" time="0.002" classname="testcases.CountingTest"/>
  <testcase name="service" time="0.001" classname="testcases.CountingTest"/>
  <testcase name="service" time="0.003" classname="testcases.CountingTest"/>
  <testcase name="service" time="0.001" classname="testcases.CountingTest"/>
  <testcase name="service" time="0.124" classname="testcases.CountingTest"/>
  <testcase name="service" time="0.002" classname="testcases.CountingTest"/>
  <testcase name="service" time="0.002" classname="testcases.CountingTest"/>
  <testcase name="service" time="0.001" classname="testcases.CountingTest"/>
  <testcase name="service" time="0.001" classname="testcases.CountingTest"/>
  <testcase name="service" time="0.001" classname="testcases.CountingTest"/>
  <testcase name="service" time="0.001" classname="testcases.CountingTest"/>
  <testcase name="service" time="0.001" classname="testcases.CountingTest"/>
  <testcase name="service" time="0.002" classname="testcases.CountingTest"/>
  <testcase name="service" time="0.0" classname="testcases.CountingTest"/>
  <testcase name="service" time="0.0" classname="testcases.CountingTest"/>
  <testcase name="service" time="0.155" classname="testcases.CountingTest"/>
  <testcase name="service" time="0.0" classname="testcases.CountingTest"/>
  <testcase name="service" time="0.0" classname="testcases.CountingTest"/>
  <testcase name="service" time="0.009" classname="testcases.CountingTest"/>
  <testcase name="service" time="0.0" classname="testcases.CountingTest"/>
  <testcase name="service" time="0.001" classname="testcases.CountingTest"/>
  <testcase name="service" time="0.006" classname="testcases.CountingTest"/>
  <testcase name="service" time="0.013" classname="testcases.CountingTest"/>
  <testcase name="service" time="0.0" classname="testcases.CountingTest"/>
  <testcase name="service" time="0.001" classname="testcases.CountingTest"/>
  <testcase name="service" time="0.008" classname="testcases.CountingTest"/>
  <testcase name="service" time="0.024" classname="testcases.CountingTest"/>
  <testcase name="service" time="0.025" classname="testcases.CountingTest"/>
  <testcase name="service" time="0.001" classname="testcases.CountingTest"/>
  <testcase name="service" time="0.027" classname="testcases.CountingTest"/>
  <testcase name="service" time="0.028" classname="testcases.CountingTest"/>
  <testcase name="service" time="0.035" classname="testcases.CountingTest"/>
  <testcase name="service" time="0.036" classname="testcases.CountingTest"/>
  <testcase name="service" time="0.036" classname="testcases.CountingTest"/>
  <testcase name="service" time="0.0" classname="testcases.CountingTest"/>
  <testcase name="service" time="0.006" classname="testcases.CountingTest"/>
  <testcase name="service" time="0.0" classname="testcases.CountingTest"/>
  <testcase name="service" time="0.045" classname="testcases.CountingTest"/>
  <testcase name="service" time="0.0" classname="testcases.CountingTest"/>
  <testcase name="service" time="0.049" classname="testcases.CountingTest"/>
  <testcase name="service" time="0.0" classname="testcases.CountingTest"/>
  <testcase name="service" time="0.056" classname="testcases.CountingTest"/>
  <testcase name="service" time="0.057" classname="testcases.CountingTest"/>
  <testcase name="service" time="0.0" classname="testcases.CountingTest"/>
  <testcase name="service" time="0.064" classname="testcases.CountingTest"/>
  <testcase name="service" time="0.0" classname="testcases.CountingTest"/>
  <testcase name="service" time="0.067" classname="testcases.CountingTest"/>
  <testcase name="service" time="0.077" classname="testcases.CountingTest"/>
  <testcase name="service" time="0.001" classname="testcases.CountingTest"/>
  <testcase name="service" time="0.078" classname="testcases.CountingTest"/>
  <testcase name="service" time="0.001" classname="testcases.CountingTest"/>
  <testcase name="service" time="0.002" classname="testcases.CountingTest"/>
  <testcase name="service" time="0.0" classname="testcases.CountingTest"/>
  <testcase name="service" time="0.0" classname="testcases.CountingTest"/>
  <testcase name="service" time="0.0" classname="testcases.CountingTest"/>
  <testcase name="service" time="0.001" classname="testcases.CountingTest"/>
  <testcase name="service" time="0.001" classname="testcases.CountingTest"/>
  <testcase name="service" time="0.0" classname="testcases.CountingTest"/>
  <testcase name="service" time="0.0" classname="testcases.CountingTest"/>
  <testcase name="service" time="0.0" classname="testcases.CountingTest"/>
  <testcase name="service" time="0.0" classname="testcases.CountingTest"/>
  <testcase name="service" time="0.001" classname="testcases.CountingTest"/>
  <testcase name="service" time="0.001" classname="testcases.CountingTest"/>
  <testcase name="service" time="0.001" classname="testcases.CountingTest"/>
  <testcase name="service" time="0.001" classname="testcases.CountingTest"/>
  <testcase name="service" time="0.123" classname="testcases.CountingTest"/>
  <testcase name="service" time="0.001" classname="testcases.CountingTest"/>
  <testcase name="service" time="0.001" classname="testcases.CountingTest"/>
  <testcase name="service" time="0.0" classname="testcases.CountingTest"/>
  <testcase name="service" time="0.129" classname="testcases.CountingTest"/>
  <testcase name="service" time="0.137" classname="testcases.CountingTest"/>
  <testcase name="service" time="0.137" classname="testcases.CountingTest"/>
  <testcase name="service" time="0.0" classname="testcases.CountingTest"/>
  <testcase name="service" time="0.0" classname="testcases.CountingTest"/>
  <testcase name="service" time="0.143" classname="testcases.CountingTest"/>
  <testcase name="service" time="0.144" classname="testcases.CountingTest"/>
  <testcase name="service" time="0.144" classname="testcases.CountingTest"/>
  <testcase name="service" time="0.144" classname="testcases.CountingTest"/>
  <testcase name="service" time="0.145" classname="testcases.CountingTest"/>
  <testcase name="service" time="0.145" classname="testcases.CountingTest"/>
  <testcase name="service" time="0.145" classname="testcases.CountingTest"/>
  <testcase name="service" time="0.151" classname="testcases.CountingTest"/>
  <testcase name="service" time="0.152" classname="testcases.CountingTest"/>
  <testcase name="service" time="0.0" classname="testcases.CountingTest"/>
  <testcase name="service" time="0.153" classname="testcases.CountingTest"/>
  <testcase name="service" time="0.154" classname="testcases.CountingTest"/>
  <testcase name="service" time="0.158" classname="testcases.CountingTest"/>
  <testcase name="service" time="0.158" classname="testcases.CountingTest"/>
  <testcase name="service" time="0.158" classname="testcases.CountingTest"/>
  <testcase name="service" time="0.158" classname="testcases.CountingTest"/>
  <testcase name="service" time="0.159" classname="testcases.CountingTest"/>
  <testcase name="service" time="0.16" classname="testcases.CountingTest"/>
  <testcase name="service" time="0.007" classname="testcases.CountingTest"/>
  <testcase name="service" time="0.169" classname="testcases.CountingTest"/>
  <testcase name="service" time="0.0" classname="testcases.CountingTest"/>
  <testcase name="service" time="0.172" classname="testcases.CountingTest"/>
  <testcase name="service" time="0.005" classname="testcases.CountingTest"/>
  <testcase name="service" time="0.178" classname="testcases.CountingTest"/>
  <testcase name="service" time="0.179" classname="testcases.CountingTest"/>
  <testcase name="service" time="0.0" classname="testcases.CountingTest"/>
  <testcase name="service" time="0.18" classname="testcases.CountingTest"/>
  <testcase name="service" time="0.012" classname="testcases.CountingTest"/>
  <testcase name="service" time="0.001" classname="testcases.CountingTest"/>
  <testcase name="service" time="0.001" classname="testcases.CountingTest"/>
  <testcase name="service" time="0.195" classname="testcases.CountingTest"/>
  <testcase name="service" time="0.201" classname="testcases.CountingTest"/>
  <testcase name="service" time="0.201" classname="testcases.CountingTest"/>
  <testcase name="service" time="0.0" classname="testcases.CountingTest"/>
  <testcase name="service" time="0.202" classname="testcases.CountingTest"/>
  <testcase name="service" time="0.203" classname="testcases.CountingTest"/>
  <testcase name="service" time="0.001" classname="testcases.CountingTest"/>
  <testcase name="service" time="0.206" classname="testcases.CountingTest"/>
  <testcase name="service" time="0.0" classname="testcases.CountingTest"/>
  <testcase name="service" time="0.004" classname="testcases.CountingTest"/>
  <testcase name="service" time="0.0" classname="testcases.CountingTest"/>
  <testcase name="service" time="0.001" classname="testcases.CountingTest"/>
  <testcase name="service" time="0.001" classname="testcases.CountingTest"/>
  <testcase name="service" time="0.217" classname="testcases.CountingTest"/>
  <testcase name="service" time="0.217" classname="testcases.CountingTest"/>
  <testcase name="service" time="0.218" classname="testcases.CountingTest"/>
  <testcase name="service" time="0.218" classname="testcases.CountingTest"/>
  <testcase name="service" time="0.218" classname="testcases.CountingTest"/>
  <testcase name="service" time="0.219" classname="testcases.CountingTest"/>
  <testcase name="service" time="0.225" classname="testcases.CountingTest"/>
  <testcase name="service" time="0.0" classname="testcases.CountingTest"/>
  <testcase name="service" time="0.229" classname="testcases.CountingTest"/>
  <testcase name="service" time="0.001" classname="testcases.CountingTest"/>
  <testcase name="service" time="0.001" classname="testcases.CountingTest"/>
  <testcase name="service" time="0.0" classname="testcases.CountingTest"/>
  <testcase name="service" time="0.0" classname="testcases.CountingTest"/>
  <testcase name="service" time="0.004" classname="testcases.CountingTest"/>
  <testcase name="service" time="0.242" classname="testcases.CountingTest"/>
  <testcase name="service" time="0.243" classname="testcases.CountingTest"/>
  <testcase name="service" time="0.243" classname="testcases.CountingTest"/>
  <testcase name="service" time="0.001" classname="testcases.CountingTest"/>
  <testcase name="service" time="0.245" classname="testcases.CountingTest"/>
  <testcase name="service" time="0.25" classname="testcases.CountingTest"/>
  <testcase name="service" time="0.25" classname="testcases.CountingTest"/>
  <testcase name="service" time="0.251" classname="testcases.CountingTest"/>
  <testcase name="service" time="0.251" classname="testcases.CountingTest"/>
  <testcase name="service" time="0.0" classname="testcases.CountingTest"/>
  <testcase name="service" time="0.256" classname="testcases.CountingTest"/>
  <testcase name="service" time="0.261" classname="testcases.CountingTest"/>
  <testcase name="service" time="0.002" classname="testcases.CountingTest"/>
  <testcase name="service" time="0.263" classname="testcases.CountingTest"/>
  <testcase name="service" time="0.272" classname="testcases.CountingTest"/>
  <testcase name="service" time="0.001" classname="testcases.CountingTest"/>
  <testcase name="service" time="0.001" classname="testcases.CountingTest"/>
  <testcase name="service" time="0.009" classname="testcases.CountingTest"/>
  <testcase name="service" time="0.001" classname="testcases.CountingTest"/>
  <testcase name="service" time="0.001" classname="testcases.CountingTest"/>
  <testcase name="service" time="0.001" classname="testcases.CountingTest"/>
  <testcase name="service" time="0.004" classname="testcases.CountingTest"/>
  <testcase name="service" time="0.0" classname="testcases.CountingTest"/>
  <testcase name="service" time="0.0" classname="testcases.CountingTest"/>
  <testcase name="service" time="0.025" classname="testcases.CountingTest"/>
  <testcase name="service" time="0.0" classname="testcases.CountingTest"/>
  <testcase name="service" time="0.0" classname="testcases.CountingTest"/>
  <testcase name="service" time="0.001" classname="testcases.CountingTest"/>
  <testcase name="service" time="0.0" classname="testcases.CountingTest"/>
  <testcase name="service" time="0.0" classname="testcases.CountingTest"/>
  <testcase name="service" time="0.0" classname="testcases.CountingTest"/>
  <testcase name="service" time="0.0" classname="testcases.CountingTest"/>
  <testcase name="service" time="0.0" classname="testcases.CountingTest"/>
  <testcase name="service" time="0.0" classname="testcases.CountingTest"/>
  <testcase name="service" time="0.0" classname="testcases.CountingTest"/>
  <testcase name="service" time="0.0" classname="testcases.CountingTest"/>
  <testcase name="service" time="0.0" classname="testcases.CountingTest"/>
  <testcase name="service" time="0.0" classname="testcases.CountingTest"/>
  <testcase name="service" time="0.0" classname="testcases.CountingTest"/>
  <testcase name="service" time="0.001" classname="testcases.CountingTest"/>
  <testcase name="service" time="0.0" classname="testcases.CountingTest"/>
  <testcase name="service" time="0.0" classname="testcases.CountingTest"/>
  <testcase name="service" time="0.001" classname="testcases.CountingTest"/>
  <testcase name="service" time="0.0" classname="testcases.CountingTest"/>
  <testcase name="service" time="0.0" classname="testcases.CountingTest"/>
  <testcase name="service" time="0.0" classname="testcases.CountingTest"/>
  <testcase name="service" time="0.001" classname="testcases.CountingTest"/>
  <testcase name="service" time="0.0" classname="testcases.CountingTest"/>
  <testcase name="service" time="0.0" classname="testcases.CountingTest"/>
  <testcase name="service" time="0.01" classname="testcases.CountingTest"/>
  <testcase name="service" time="0.001" classname="testcases.CountingTest"/>
  <testcase name="service" time="0.001" classname="testcases.CountingTest"/>
  <testcase name="service" time="0.0" classname="testcases.CountingTest"/>
  <testcase name="service" time="0.0" classname="testcases.CountingTest"/>
  <testcase name="service" time="0.0" classname="testcases.CountingTest"/>
  <testcase name="service" time="0.0" classname="testcases.CountingTest"/>
  <testcase name="service" time="0.0" classname="testcases.CountingTest"/>
  <testcase name="service" time="0.0" classname="testcases.CountingTest"/>
  <testcase name="service" time="0.0" classname="testcases.CountingTest"/>
  <testcase name="service" time="0.001" classname="testcases.CountingTest"/>
  <testcase name="service" time="0.493" classname="testcases.CountingTest"/>
  <testcase name="service" time="0.0" classname="testcases.CountingTest"/>
  <testcase name="service" time="0.001" classname="testcases.CountingTest"/>
  <testcase name="service" time="0.0" classname="testcases.CountingTest"/>
  <testcase name="service" time="0.001" classname="testcases.CountingTest"/>
  <testcase name="service" time="0.506" classname="testcases.CountingTest"/>
  <testcase name="service" time="0.496" classname="testcases.CountingTest"/>
  <testcase name="service" time="0.001" classname="testcases.CountingTest"/>
  <testcase name="service" time="0.001" classname="testcases.CountingTest"/>
  <testcase name="service" time="0.513" classname="testcases.CountingTest"/>
  <testcase name="service" time="0.513" classname="testcases.CountingTest"/>
  <testcase name="service" time="0.513" classname="testcases.CountingTest"/>
  <testcase name="service" time="0.514" classname="testcases.CountingTest"/>
  <testcase name="service" time="0.519" classname="testcases.CountingTest"/>
  <testcase name="service" time="0.521" classname="testcases.CountingTest"/>
  <testcase name="service" time="0.0" classname="testcases.CountingTest"/>
  <testcase name="service" time="0.521" classname="testcases.CountingTest"/>
  <testcase name="service" time="0.522" classname="testcases.CountingTest"/>
  <testcase name="service" time="0.526" classname="testcases.CountingTest"/>
  <testcase name="service" time="0.527" classname="testcases.CountingTest"/>
  <testcase name="service" time="0.001" classname="testcases.CountingTest"/>
  <testcase name="service" time="0.0" classname="testcases.CountingTest"/>
  <testcase name="service" time="0.001" classname="testcases.CountingTest"/>
  <testcase name="service" time="0.536" classname="testcases.CountingTest"/>
  <testcase name="service" time="0.001" classname="testcases.CountingTest"/>
  <testcase name="service" time="0.568" classname="testcases.CountingTest"/>
  <testcase name="service" time="0.001" classname="testcases.CountingTest"/>
  <testcase name="service" time="0.001" classname="testcases.CountingTest"/>
  <testcase name="service" time="0.575" classname="testcases.CountingTest"/>
  <testcase name="service" time="0.001" classname="testcases.CountingTest"/>
  <testcase name="service" time="0.582" classname="testcases.CountingTest"/>
  <testcase name="service" time="0.582" classname="testcases.CountingTest"/>
  <testcase name="service" time="0.001" classname="testcases.CountingTest"/>
  <testcase name="service" time="0.686" classname="testcases.CountingTest"/>
  <testcase name="service" time="0.0" classname="testcases.CountingTest"/>
  <testcase name="service" time="0.0" classname="testcases.CountingTest"/>
  <testcase name="service" time="0.708" classname="testcases.CountingTest"/>
  <testcase name="service" time="0.011" classname="testcases.CountingTest"/>
  <testcase name="service" time="0.0" classname="testcases.CountingTest"/>
  <testcase name="service" time="0.001" classname="testcases.CountingTest"/>
  <testcase name="service" time="0.002" classname="testcases.CountingTest"/>
  <testcase name="service" time="0.725" classname="testcases.CountingTest"/>
  <testcase name="service" time="0.725" classname="testcases.CountingTest"/>
  <testcase name="service" time="0.727" classname="testcases.CountingTest"/>
  <testcase name="service" time="0.0" classname="testcases.CountingTest"/>
  <testcase name="service" time="0.026" classname="testcases.CountingTest"/>
  <testcase name="service" time="0.013" classname="testcases.CountingTest"/>
  <testcase name="service" time="0.01" classname="testcases.CountingTest"/>
  <testcase name="service" time="0.005" classname="testcases.CountingTest"/>
  <testcase name="service" time="0.0" classname="testcases.CountingTest"/>
  <testcase name="service" time="0.0" classname="testcases.CountingTest"/>
  <testcase name="service" time="0.001" classname="testcases.CountingTest"/>
  <testcase name="service" time="0.005" classname="testcases.CountingTest"/>
  <testcase name="service" time="0.05" classname="testcases.CountingTest"/>
  <testcase name="service" time="0.053" classname="testcases.CountingTest"/>
  <testcase name="service" time="0.059" classname="testcases.CountingTest"/>
  <testcase name="service" time="0.005" classname="testcases.CountingTest"/>
  <testcase name="service" time="0.0" classname="testcases.CountingTest"/>
  <testcase name="service" time="0.002" classname="testcases.CountingTest"/>
  <testcase name="service" time="0.09" classname="testcases.CountingTest"/>
  <testcase name="service" time="0.091" classname="testcases.CountingTest"/>
  <testcase name="service" time="0.001" classname="testcases.CountingTest"/>
  <testcase name="service" time="0.0" classname="testcases.CountingTest"/>
  <testcase name="service" time="0.0" classname="testcases.CountingTest"/>
  <testcase name="service" time="0.0" classname="testcases.CountingTest"/>
  <testcase name="service" time="0.0" classname="testcases.CountingTest"/>
  <testcase name="service" time="0.0" classname="testcases.CountingTest"/>
  <testcase name="service" time="0.0" classname="testcases.CountingTest"/>
  <testcase name="service" time="0.001" classname="testcases.CountingTest"/>
  <testcase name="service" time="0.008" classname="testcases.CountingTest"/>
  <testcase name="service" time="0.0" classname="testcases.CountingTest"/>
  <testcase name="service" time="0.0" classname="testcases.CountingTest"/>
  <testcase name="service" time="0.001" classname="testcases.CountingTest"/>
  <testcase name="service" time="0.008" classname="testcases.CountingTest"/>
  <testcase name="service" time="0.144" classname="testcases.CountingTest"/>
  <testcase name="service" time="0.149" classname="testcases.CountingTest"/>
  <testcase name="service" time="0.151" classname="testcases.CountingTest"/>
  <testcase name="service" time="0.0" classname="testcases.CountingTest"/>
  <testcase name="service" time="0.157" classname="testcases.CountingTest"/>
  <testcase name="service" time="0.0" classname="testcases.CountingTest"/>
  <testcase name="service" time="0.0" classname="testcases.CountingTest"/>
  <testcase name="service" time="0.0" classname="testcases.CountingTest"/>
  <testcase name="service" time="0.001" classname="testcases.CountingTest"/>
  <testcase name="service" time="0.0" classname="testcases.CountingTest"/>
  <testcase name="service" time="0.001" classname="testcases.CountingTest"/>
  <testcase name="service" time="0.0" classname="testcases.CountingTest"/>
  <testcase name="service" time="0.0" classname="testcases.CountingTest"/>
  <testcase name="service" time="0.449" classname="testcases.CountingTest"/>
  <testcase name="service" time="0.001" classname="testcases.CountingTest"/>
  <testcase name="service" time="0.005" classname="testcases.CountingTest"/>
  <testcase name="service" time="0.479" classname="testcases.CountingTest"/>
  <testcase name="service" time="0.001" classname="testcases.CountingTest"/>
  <testcase name="service" time="0.0" classname="testcases.CountingTest"/>
  <testcase name="service" time="0.008" classname="testcases.CountingTest"/>
  <testcase name="service" time="0.489" classname="testcases.CountingTest"/>
  <testcase name="service" time="0.0" classname="testcases.CountingTest"/>
  <testcase name="service" time="0.004" classname="testcases.CountingTest"/>
  <testcase name="service" time="0.0" classname="testcases.CountingTest"/>
  <testcase name="service" time="0.001" classname="testcases.CountingTest"/>
  <testcase name="service" time="0.001" classname="testcases.CountingTest"/>
  <testcase name="service" time="0.005" classname="testcases.CountingTest"/>
  <testcase name="service" time="0.51" classname="testcases.CountingTest"/>
  <testcase name="service" time="0.0" classname="testcases.CountingTest"/>
  <testcase name="service" time="0.005" classname="testcases.CountingTest"/>
  <testcase name="service" time="0.524" classname="testcases.CountingTest"/>
  <testcase name="service" time="0.001" classname="testcases.CountingTest"/>
  <testcase name="service" time="0.001" classname="testcases.CountingTest"/>
  <testcase name="service" time="0.01" classname="testcases.CountingTest"/>
  <testcase name="service" time="0.0" classname="testcases.CountingTest"/>
  <testcase name="service" time="0.548" classname="testcases.CountingTest"/>
  <testcase name="service" time="0.567" classname="testcases.CountingTest"/>
  <testcase name="service" time="0.0" classname="testcases.CountingTest"/>
  <testcase name="service" time="0.004" classname="testcases.CountingTest"/>
  <testcase name="service" time="0.586" classname="testcases.CountingTest"/>
  <testcase name="service" time="0.0" classname="testcases.CountingTest"/>
  <testcase name="service" time="0.59" classname="testcases.CountingTest"/>
  <testcase name="service" time="0.601" classname="testcases.CountingTest"/>
  <testcase name="service" time="0.615" classname="testcases.CountingTest"/>
  <testcase name="service" time="0.0" classname="testcases.CountingTest"/>
  <testcase name="service" time="0.008" classname="testcases.CountingTest"/>
  <testcase name="service" time="0.632" classname="testcases.CountingTest"/>
  <testcase name="service" time="0.0" classname="testcases.CountingTest"/>
  <testcase name="service" time="0.0" classname="testcases.CountingTest"/>
  <testcase name="service" time="0.001" classname="testcases.CountingTest"/>
  <testcase name="service" time="0.666" classname="testcases.CountingTest"/>
  <testcase name="service" time="0.0" classname="testcases.CountingTest"/>
  <testcase name="service" time="0.006" classname="testcases.CountingTest"/>
  <testcase name="service" time="0.0" classname="testcases.CountingTest"/>
  <testcase name="service" time="0.001" classname="testcases.CountingTest"/>
  <testcase name="service" time="0.001" classname="testcases.CountingTest"/>
  <testcase name="service" time="0.0" classname="testcases.CountingTest"/>
  <testcase name="service" time="0.012" classname="testcases.CountingTest"/>
  <testcase name="service" time="0.001" classname="testcases.CountingTest"/>
  <testcase name="service" time="0.0" classname="testcases.CountingTest"/>
  <testcase name="service" time="0.0" classname="testcases.CountingTest"/>
  <testcase name="service" time="0.0" classname="testcases.CountingTest"/>
  <testcase name="service" time="0.0" classname="testcases.CountingTest"/>
  <testcase name="service" time="0.001" classname="testcases.CountingTest"/>
  <testcase name="service" time="0.729" classname="testcases.CountingTest"/>
  <testcase name="service" time="0.001" classname="testcases.CountingTest"/>
  <testcase name="service" time="0.0" classname="testcases.CountingTest"/>
  <testcase name="service" time="0.001" classname="testcases.CountingTest"/>
  <testcase name="service" time="0.0" classname="testcases.CountingTest"/>
  <testcase name="service" time="0.001" classname="testcases.CountingTest"/>
  <testcase name="service" time="0.808" classname="testcases.CountingTest"/>
  <testcase name="service" time="0.0" classname="testcases.CountingTest"/>
  <testcase name="service" time="0.001" classname="testcases.CountingTest"/>
  <testcase name="service" time="0.0" classname="testcases.CountingTest"/>
  <testcase name="service" time="0.001" classname="testcases.CountingTest"/>
  <testcase name="service" time="0.011" classname="testcases.CountingTest"/>
  <testcase name="service" time="0.0" classname="testcases.CountingTest"/>
  <testcase name="service" time="0.838" classname="testcases.CountingTest"/>
  <testcase name="service" time="0.001" classname="testcases.CountingTest"/>
  <testcase name="service" time="0.845" classname="testcases.CountingTest"/>
  <testcase name="service" time="0.0" classname="testcases.CountingTest"/>
  <testcase name="service" time="0.85" classname="testcases.CountingTest"/>
  <testcase name="service" time="0.001" classname="testcases.CountingTest"/>
  <testcase name="service" time="0.004" classname="testcases.CountingTest"/>
  <testcase name="service" time="0.001" classname="testcases.CountingTest"/>
  <testcase name="service" time="0.0" classname="testcases.CountingTest"/>
  <testcase name="service" time="0.0" classname="testcases.CountingTest"/>
  <testcase name="service" time="0.0" classname="testcases.CountingTest"/>
  <testcase name="service" time="0.876" classname="testcases.CountingTest"/>
  <testcase name="service" time="0.001" classname="testcases.CountingTest"/>
  <testcase name="service" time="0.006" classname="testcases.CountingTest"/>
  <testcase name="service" time="0.0" classname="testcases.CountingTest"/>
  <testcase name="service" time="0.001" classname="testcases.CountingTest"/>
  <testcase name="service" time="0.0" classname="testcases.CountingTest"/>
  <testcase name="service" time="0.002" classname="testcases.CountingTest"/>
  <testcase name="service" time="0.001" classname="testcases.CountingTest"/>
  <testcase name="service" time="0.0" classname="testcases.CountingTest"/>
  <testcase name="service" time="0.003" classname="testcases.CountingTest"/>
  <testcase name="service" time="0.001" classname="testcases.CountingTest"/>
  <testcase name="service" time="0.001" classname="testcases.CountingTest"/>
  <testcase name="service" time="0.001" classname="testcases.CountingTest"/>
  <testcase name="service" time="0.001" classname="testcases.CountingTest"/>
  <testcase name="service" time="0.0" classname="testcases.CountingTest"/>
  <testcase name="service" time="0.0" classname="testcases.CountingTest"/>
  <testcase name="service" time="0.001" classname="testcases.CountingTest"/>
  <testcase name="service" time="0.0" classname="testcases.CountingTest"/>
  <testcase name="service" time="0.929" classname="testcases.CountingTest"/>
  <testcase name="service" time="0.0" classname="testcases.CountingTest"/>
  <testcase name="service" time="0.0" classname="testcases.CountingTest"/>
  <testcase name="service" time="0.0" classname="testcases.CountingTest"/>
  <testcase name="service" time="0.001" classname="testcases.CountingTest"/>
  <testcase name="service" time="0.002" classname="testcases.CountingTest"/>
  <testcase name="service" time="0.0" classname="testcases.CountingTest"/>
  <testcase name="service" time="0.0" classname="testcases.CountingTest"/>
  <testcase name="service" time="0.0" classname="testcases.CountingTest"/>
  <testcase name="service" time="0.016" classname="testcases.CountingTest"/>
  <testcase name="service" time="0.0" classname="testcases.CountingTest"/>
  <testcase name="service" time="0.001" classname="testcases.CountingTest"/>
  <testcase name="service" time="0.0" classname="testcases.CountingTest"/>
  <testcase name="service" time="0.0" classname="testcases.CountingTest"/>
  <testcase name="service" time="0.0" classname="testcases.CountingTest"/>
  <testcase name="service" time="0.0" classname="testcases.CountingTest"/>
  <testcase name="service" time="0.001" classname="testcases.CountingTest"/>
  <testcase name="service" time="0.0" classname="testcases.CountingTest"/>
  <testcase name="service" time="0.0" classname="testcases.CountingTest"/>
  <testcase name="service" time="0.0" classname="testcases.CountingTest"/>
  <testcase name="service" time="0.0" classname="testcases.CountingTest"/>
  <testcase name="service" time="0.001" classname="testcases.CountingTest"/>
  <testcase name="service" time="1.016" classname="testcases.CountingTest"/>
  <testcase name="service" time="0.001" classname="testcases.CountingTest"/>
  <testcase name="service" time="0.0" classname="testcases.CountingTest"/>
  <testcase name="service" time="0.0" classname="testcases.CountingTest"/>
  <testcase name="service" time="0.0" classname="testcases.CountingTest"/>
  <testcase name="service" time="0.0" classname="testcases.CountingTest"/>
  <testcase name="service" time="0.0" classname="testcases.CountingTest"/>
  <testcase name="service" time="0.005" classname="testcases.CountingTest"/>
  <testcase name="service" time="0.0" classname="testcases.CountingTest"/>
  <testcase name="service" time="0.0" classname="testcases.CountingTest"/>
  <testcase name="service" time="1.055" classname="testcases.CountingTest"/>
  <testcase name="service" time="1.062" classname="testcases.CountingTest"/>
  <testcase name="service" time="0.0" classname="testcases.CountingTest"/>
  <testcase name="service" time="0.001" classname="testcases.CountingTest"/>
  <testcase name="service" time="0.001" classname="testcases.CountingTest"/>
  <testcase name="service" time="0.0" classname="testcases.CountingTest"/>
  <testcase name="service" time="0.0" classname="testcases.CountingTest"/>
  <testcase name="service" time="0.03" classname="testcases.CountingTest"/>
  <testcase name="service" time="0.048" classname="testcases.CountingTest"/>
  <testcase name="service" time="0.0" classname="testcases.CountingTest"/>
  <testcase name="service" time="0.05" classname="testcases.CountingTest"/>
  <testcase name="service" time="0.065" classname="testcases.CountingTest"/>
  <testcase name="service" time="0.114" classname="testcases.CountingTest"/>
  <testcase name="service" time="0.171" classname="testcases.CountingTest"/>
  <testcase name="service" time="0.0" classname="testcases.CountingTest"/>
  <testcase name="service" time="0.175" classname="testcases.CountingTest"/>
  <testcase name="service" time="0.183" classname="testcases.CountingTest"/>
  <testcase name="service" time="0.235" classname="testcases.CountingTest"/>
  <testcase name="service" time="0.243" classname="testcases.CountingTest"/>
  <testcase name="service" time="0.245" classname="testcases.CountingTest"/>
  <testcase name="service" time="0.277" classname="testcases.CountingTest"/>
  <testcase name="service" time="0.282" classname="testcases.CountingTest"/>
  <testcase name="service" time="0.282" classname="testcases.CountingTest"/>
  <testcase name="service" time="0.29" classname="testcases.CountingTest"/>
  <testcase name="service" time="0.0" classname="testcases.CountingTest"/>
  <testcase name="service" time="0.291" classname="testcases.CountingTest"/>
  <testcase name="service" time="0.292" classname="testcases.CountingTest"/>
  <testcase name="service" time="0.301" classname="testcases.CountingTest"/>
  <testcase name="service" time="0.302" classname="testcases.CountingTest"/>
  <testcase name="service" time="0.303" classname="testcases.CountingTest"/>
  <testcase name="service" time="0.304" classname="testcases.CountingTest"/>
  <testcase name="service" time="0.004" classname="testcases.CountingTest"/>
  <testcase name="service" time="0.314" classname="testcases.CountingTest"/>
  <testcase name="service" time="0.315" classname="testcases.CountingTest"/>
  <testcase name="service" time="0.0" classname="testcases.CountingTest"/>
  <testcase name="service" time="0.005" classname="testcases.CountingTest"/>
  <testcase name="service" time="0.329" classname="testcases.CountingTest"/>
  <testcase name="service" time="0.33" classname="testcases.CountingTest"/>
  <testcase name="service" time="0.331" classname="testcases.CountingTest"/>
  <testcase name="service" time="0.337" classname="testcases.CountingTest"/>
  <testcase name="service" time="0.339" classname="testcases.CountingTest"/>
  <testcase name="service" time="0.345" classname="testcases.CountingTest"/>
  <testcase name="service" time="0.346" classname="testcases.CountingTest"/>
  <testcase name="service" time="0.004" classname="testcases.CountingTest"/>
  <testcase name="service" time="0.351" classname="testcases.CountingTest"/>
  <testcase name="service" time="0.357" classname="testcases.CountingTest"/>
  <testcase name="service" time="0.0" classname="testcases.CountingTest"/>
  <testcase name="service" time="0.36" classname="testcases.CountingTest"/>
  <testcase name="service" time="0.362" classname="testcases.CountingTest"/>
  <testcase name="service" time="0.0" classname="testcases.CountingTest"/>
  <testcase name="service" time="0.001" classname="testcases.CountingTest"/>
  <testcase name="service" time="0.374" classname="testcases.CountingTest"/>
  <testcase name="service" time="0.0" classname="testcases.CountingTest"/>
  <testcase name="service" time="0.0" classname="testcases.CountingTest"/>
  <testcase name="service" time="0.0" classname="testcases.CountingTest"/>
  <testcase name="service" time="0.0" classname="testcases.CountingTest"/>
  <testcase name="service" time="0.0" classname="testcases.CountingTest"/>
  <testcase name="service" time="0.018" classname="testcases.CountingTest"/>
  <testcase name="service" time="0.0" classname="testcases.CountingTest"/>
  <testcase name="service" time="0.0" classname="testcases.CountingTest"/>
  <testcase name="service" time="0.414" classname="testcases.CountingTest"/>
  <testcase name="service" time="0.0" classname="testcases.CountingTest"/>
  <testcase name="service" time="0.001" classname="testcases.CountingTest"/>
  <testcase name="service" time="0.001" classname="testcases.CountingTest"/>
  <testcase name="service" time="0.0" classname="testcases.CountingTest"/>
  <testcase name="service" time="0.0" classname="testcases.CountingTest"/>
  <testcase name="service" time="0.0" classname="testcases.CountingTest"/>
  <testcase name="service" time="0.0" classname="testcases.CountingTest"/>
  <testcase name="service" time="0.0" classname="testcases.CountingTest"/>
  <testcase name="service" time="0.0" classname="testcases.CountingTest"/>
  <testcase name="service" time="0.0" classname="testcases.CountingTest"/>
  <testcase name="service" time="0.002" classname="testcases.CountingTest"/>
  <testcase name="service" time="0.001" classname="testcases.CountingTest"/>
  <testcase name="service" time="0.001" classname="testcases.CountingTest"/>
  <testcase name="service" time="0.0" classname="testcases.CountingTest"/>
  <testcase name="service" time="0.001" classname="testcases.CountingTest"/>
  <testcase name="service" time="0.0" classname="testcases.CountingTest"/>
  <testcase name="service" time="0.0" classname="testcases.CountingTest"/>
  <testcase name="service" time="0.005" classname="testcases.CountingTest"/>
  <testcase name="service" time="0.0" classname="testcases.CountingTest"/>
  <testcase name="service" time="0.0" classname="testcases.CountingTest"/>
  <testcase name="service" time="0.005" classname="testcases.CountingTest"/>
  <testcase name="service" time="0.0" classname="testcases.CountingTest"/>
  <testcase name="service" time="0.001" classname="testcases.CountingTest"/>
  <testcase name="service" time="0.0" classname="testcases.CountingTest"/>
  <testcase name="service" time="0.009" classname="testcases.CountingTest"/>
  <testcase name="service" time="0.47" classname="testcases.CountingTest"/>
  <testcase name="service" time="0.472" classname="testcases.CountingTest"/>
  <testcase name="service" time="0.0" classname="testcases.CountingTest"/>
  <testcase name="service" time="0.493" classname="testcases.CountingTest"/>
  <testcase name="service" time="0.0" classname="testcases.CountingTest"/>
  <testcase name="service" time="0.499" classname="testcases.CountingTest"/>
  <testcase name="service" time="0.0" classname="testcases.CountingTest"/>
  <testcase name="service" time="0.0" classname="testcases.CountingTest"/>
  <testcase name="service" time="0.0" classname="testcases.CountingTest"/>
  <testcase name="service" time="0.509" classname="testcases.CountingTest"/>
  <testcase name="service" time="0.005" classname="testcases.CountingTest"/>
  <testcase name="service" time="0.0" classname="testcases.CountingTest"/>
  <testcase name="service" time="0.0" classname="testcases.CountingTest"/>
  <testcase name="service" time="0.001" classname="testcases.CountingTest"/>
  <testcase name="service" time="0.021" classname="testcases.CountingTest"/>
  <testcase name="service" time="0.0" classname="testcases.CountingTest"/>
  <testcase name="service" time="0.001" classname="testcases.CountingTest"/>
  <testcase name="service" time="0.599" classname="testcases.CountingTest"/>
  <testcase name="service" time="0.001" classname="testcases.CountingTest"/>
  <testcase name="service" time="0.0" classname="testcases.CountingTest"/>
  <testcase name="service" time="0.0" classname="testcases.CountingTest"/>
  <testcase name="service" time="0.0" classname="testcases.CountingTest"/>
  <testcase name="service" time="0.001" classname="testcases.CountingTest"/>
  <testcase name="service" time="0.0" classname="testcases.CountingTest"/>
  <testcase name="service" time="0.002" classname="testcases.CountingTest"/>
  <testcase name="service" time="0.0" classname="testcases.CountingTest"/>
  <testcase name="service" time="0.001" classname="testcases.CountingTest"/>
  <testcase name="service" time="0.001" classname="testcases.CountingTest"/>
  <testcase name="service" time="0.0" classname="testcases.CountingTest"/>
  <testcase name="service" time="0.0" classname="testcases.CountingTest"/>
  <testcase name="service" time="0.0" classname="testcases.CountingTest"/>
  <testcase name="service" time="0.002" classname="testcases.CountingTest"/>
  <testcase name="service" time="0.0" classname="testcases.CountingTest"/>
  <testcase name="service" time="0.0" classname="testcases.CountingTest"/>
  <testcase name="service" time="0.001" classname="testcases.CountingTest"/>
  <testcase name="service" time="0.0" classname="testcases.CountingTest"/>
  <testcase name="service" time="0.0" classname="testcases.CountingTest"/>
  <testcase name="service" time="0.0" classname="testcases.CountingTest"/>
  <testcase name="service" time="0.001" classname="testcases.CountingTest"/>
  <testcase name="service" time="0.0" classname="testcases.CountingTest"/>
  <testcase name="service" time="0.0" classname="testcases.CountingTest"/>
  <testcase name="service" time="0.001" classname="testcases.CountingTest"/>
  <testcase name="service" time="0.0" classname="testcases.CountingTest"/>
  <testcase name="service" time="0.667" classname="testcases.CountingTest"/>
  <testcase name="service" time="0.661" classname="testcases.CountingTest"/>
  <testcase name="service" time="0.0" classname="testcases.CountingTest"/>
  <testcase name="service" time="0.006" classname="testcases.CountingTest"/>
  <testcase name="service" time="0.0" classname="testcases.CountingTest"/>
  <testcase name="service" time="0.675" classname="testcases.CountingTest"/>
  <testcase name="service" time="0.0" classname="testcases.CountingTest"/>
  <testcase name="service" time="0.004" classname="testcases.CountingTest"/>
  <testcase name="service" time="0.001" classname="testcases.CountingTest"/>
  <testcase name="service" time="0.682" classname="testcases.CountingTest"/>
  <testcase name="service" time="0.001" classname="testcases.CountingTest"/>
  <testcase name="service" time="0.0" classname="testcases.CountingTest"/>
  <testcase name="service" time="0.002" classname="testcases.CountingTest"/>
  <testcase name="service" time="0.001" classname="testcases.CountingTest"/>
  <testcase name="service" time="0.0" classname="testcases.CountingTest"/>
  <testcase name="service" time="0.0" classname="testcases.CountingTest"/>
  <testcase name="service" time="0.0" classname="testcases.CountingTest"/>
  <testcase name="service" time="0.0" classname="testcases.CountingTest"/>
  <testcase name="service" time="0.0" classname="testcases.CountingTest"/>
  <testcase name="service" time="0.0" classname="testcases.CountingTest"/>
  <testcase name="service" time="0.0" classname="testcases.CountingTest"/>
  <testcase name="service" time="0.0" classname="testcases.CountingTest"/>
  <testcase name="service" time="0.743" classname="testcases.CountingTest"/>
  <testcase name="service" time="0.0" classname="testcases.CountingTest"/>
  <testcase name="service" time="0.764" classname="testcases.CountingTest"/>
  <testcase name="service" time="0.006" classname="testcases.CountingTest"/>
  <testcase name="service" time="0.008" classname="testcases.CountingTest"/>
  <testcase name="service" time="0.002" classname="testcases.CountingTest"/>
  <testcase name="service" time="0.002" classname="testcases.CountingTest"/>
  <testcase name="service" time="0.0" classname="testcases.CountingTest"/>
  <testcase name="service" time="0.0" classname="testcases.CountingTest"/>
  <testcase name="service" time="0.001" classname="testcases.CountingTest"/>
  <testcase name="service" time="0.0" classname="testcases.CountingTest"/>
  <testcase name="service" time="0.001" classname="testcases.CountingTest"/>
  <testcase name="service" time="0.0" classname="testcases.CountingTest"/>
  <testcase name="service" time="0.0" classname="testcases.CountingTest"/>
  <testcase name="service" time="0.001" classname="testcases.CountingTest"/>
  <testcase name="service" time="0.841" classname="testcases.CountingTest"/>
  <testcase name="service" time="0.001" classname="testcases.CountingTest"/>
  <testcase name="service" time="0.845" classname="testcases.CountingTest"/>
  <testcase name="service" time="0.0" classname="testcases.CountingTest"/>
  <testcase name="service" time="0.0" classname="testcases.CountingTest"/>
  <testcase name="service" time="0.001" classname="testcases.CountingTest"/>
  <testcase name="service" time="0.0" classname="testcases.CountingTest"/>
  <testcase name="service" time="0.0" classname="testcases.CountingTest"/>
  <testcase name="service" time="0.0" classname="testcases.CountingTest"/>
  <testcase name="service" time="0.001" classname="testcases.CountingTest"/>
  <testcase name="service" time="0.0" classname="testcases.CountingTest"/>
  <testcase name="service" time="0.0" classname="testcases.CountingTest"/>
  <testcase name="service" time="0.0" classname="testcases.CountingTest"/>
  <testcase name="service" time="0.0" classname="testcases.CountingTest"/>
  <testcase name="service" time="0.0" classname="testcases.CountingTest"/>
  <testcase name="service" time="0.0" classname="testcases.CountingTest"/>
  <testcase name="service" time="0.001" classname="testcases.CountingTest"/>
  <testcase name="service" time="0.0" classname="testcases.CountingTest"/>
  <testcase name="service" time="0.001" classname="testcases.CountingTest"/>
  <testcase name="service" time="0.0" classname="testcases.CountingTest"/>
  <testcase name="service" time="0.001" classname="testcases.CountingTest"/>
  <testcase name="service" time="0.0" classname="testcases.CountingTest"/>
  <testcase name="service" time="0.001" classname="testcases.CountingTest"/>
  <testcase name="service" time="0.0" classname="testcases.CountingTest"/>
  <testcase name="service" time="0.0" classname="testcases.CountingTest"/>
  <testcase name="service" time="0.0" classname="testcases.CountingTest"/>
  <testcase name="service" time="0.002" classname="testcases.CountingTest"/>
  <testcase name="service" time="0.001" classname="testcases.CountingTest"/>
  <testcase name="service" time="0.0" classname="testcases.CountingTest"/>
  <testcase name="service" time="0.0" classname="testcases.CountingTest"/>
  <testcase name="service" time="0.0" classname="testcases.CountingTest"/>
  <testcase name="service" time="0.0" classname="testcases.CountingTest"/>
  <testcase name="service" time="0.0" classname="testcases.CountingTest"/>
  <testcase name="service" time="0.0" classname="testcases.CountingTest"/>
  <testcase name="service" time="0.0" classname="testcases.CountingTest"/>
  <testcase name="service" time="0.0" classname="testcases.CountingTest"/>
  <testcase name="service" time="0.0" classname="testcases.CountingTest"/>
  <testcase name="service" time="0.946" classname="testcases.CountingTest"/>
  <testcase name="service" time="0.002" classname="testcases.CountingTest"/>
  <testcase name="service" time="0.0" classname="testcases.CountingTest"/>
  <testcase name="service" time="0.95" classname="testcases.CountingTest"/>
  <testcase name="service" time="0.001" classname="testcases.CountingTest"/>
  <testcase name="service" time="0.0" classname="testcases.CountingTest"/>
  <testcase name="service" time="0.001" classname="testcases.CountingTest"/>
  <testcase name="service" time="0.971" classname="testcases.CountingTest"/>
  <testcase name="service" time="0.0" classname="testcases.CountingTest"/>
  <testcase name="service" time="0.001" classname="testcases.CountingTest"/>
  <testcase name="service" time="0.0" classname="testcases.CountingTest"/>
  <testcase name="service" time="0.001" classname="testcases.CountingTest"/>
  <testcase name="service" time="0.004" classname="testcases.CountingTest"/>
  <testcase name="service" time="0.001" classname="testcases.CountingTest"/>
  <testcase name="service" time="0.0" classname="testcases.CountingTest"/>
  <testcase name="service" time="0.0" classname="testcases.CountingTest"/>
  <testcase name="service" time="0.0" classname="testcases.CountingTest"/>
  <testcase name="service" time="0.0" classname="testcases.CountingTest"/>
  <testcase name="service" time="0.0" classname="testcases.CountingTest"/>
  <testcase name="service" time="0.002" classname="testcases.CountingTest"/>
  <testcase name="service" time="0.001" classname="testcases.CountingTest"/>
  <testcase name="service" time="0.001" classname="testcases.CountingTest"/>
  <testcase name="service" time="0.0" classname="testcases.CountingTest"/>
  <testcase name="service" time="0.0" classname="testcases.CountingTest"/>
  <testcase name="service" time="0.0" classname="testcases.CountingTest"/>
  <testcase name="service" time="0.0" classname="testcases.CountingTest"/>
  <testcase name="service" time="0.002" classname="testcases.CountingTest"/>
  <testcase name="service" time="0.0" classname="testcases.CountingTest"/>
  <testcase name="service" time="0.001" classname="testcases.CountingTest"/>
  <testcase name="service" time="0.001" classname="testcases.CountingTest"/>
  <testcase name="service" time="0.001" classname="testcases.CountingTest"/>
  <testcase name="service" time="1.027" classname="testcases.CountingTest"/>
  <testcase name="service" time="0.0" classname="testcases.CountingTest"/>
  <testcase name="service" time="0.0" classname="testcases.CountingTest"/>
  <testcase name="service" time="0.0" classname="testcases.CountingTest"/>
  <testcase name="service" time="0.001" classname="testcases.CountingTest"/>
  <testcase name="service" time="0.0" classname="testcases.CountingTest"/>
  <testcase name="service" time="0.0" classname="testcases.CountingTest"/>
  <testcase name="service" time="1.049" classname="testcases.CountingTest"/>
  <testcase name="service" time="0.001" classname="testcases.CountingTest"/>
  <testcase name="service" time="0.014" classname="testcases.CountingTest"/>
  <testcase name="service" time="0.0" classname="testcases.CountingTest"/>
  <testcase name="service" time="0.001" classname="testcases.CountingTest"/>
  <testcase name="service" time="0.001" classname="testcases.CountingTest"/>
  <testcase name="service" time="0.0" classname="testcases.CountingTest"/>
  <testcase name="service" time="0.001" classname="testcases.CountingTest"/>
  <testcase name="service" time="0.0" classname="testcases.CountingTest"/>
  <testcase name="service" time="0.008" classname="testcases.CountingTest"/>
  <testcase name="service" time="0.001" classname="testcases.CountingTest"/>
  <testcase name="service" time="0.0" classname="testcases.CountingTest"/>
  <testcase name="service" time="0.0" classname="testcases.CountingTest"/>
  <testcase name="service" time="0.0" classname="testcases.CountingTest"/>
  <testcase name="service" time="0.0" classname="testcases.CountingTest"/>
  <testcase name="service" time="0.0" classname="testcases.CountingTest"/>
  <testcase name="service" time="0.001" classname="testcases.CountingTest"/>
  <testcase name="service" time="0.0" classname="testcases.CountingTest"/>
  <testcase name="service" time="0.0" classname="testcases.CountingTest"/>
  <testcase name="service" time="0.0" classname="testcases.CountingTest"/>
  <testcase name="service" time="0.001" classname="testcases.CountingTest"/>
  <testcase name="service" time="0.0" classname="testcases.CountingTest"/>
  <testcase name="service" time="0.0" classname="testcases.CountingTest"/>
  <testcase name="service" time="0.106" classname="testcases.CountingTest"/>
  <testcase name="service" time="0.005" classname="testcases.CountingTest"/>
  <testcase name="service" time="0.001" classname="testcases.CountingTest"/>
  <testcase name="service" time="0.0" classname="testcases.CountingTest"/>
  <testcase name="service" time="0.0" classname="testcases.CountingTest"/>
  <testcase name="service" time="0.0" classname="testcases.CountingTest"/>
  <testcase name="service" time="0.001" classname="testcases.CountingTest"/>
  <testcase name="service" time="0.0" classname="testcases.CountingTest"/>
  <testcase name="service" time="0.005" classname="testcases.CountingTest"/>
  <testcase name="service" time="0.006" classname="testcases.CountingTest"/>
  <testcase name="service" time="0.0" classname="testcases.CountingTest"/>
  <testcase name="service" time="0.0" classname="testcases.CountingTest"/>
  <testcase name="service" time="0.0" classname="testcases.CountingTest"/>
  <testcase name="service" time="0.001" classname="testcases.CountingTest"/>
  <testcase name="service" time="0.0" classname="testcases.CountingTest"/>
  <testcase name="service" time="0.0" classname="testcases.CountingTest"/>
  <testcase name="service" time="0.001" classname="testcases.CountingTest"/>
  <testcase name="service" time="0.0" classname="testcases.CountingTest"/>
  <testcase name="service" time="0.0" classname="testcases.CountingTest"/>
  <testcase name="service" time="0.003" classname="testcases.CountingTest"/>
  <testcase name="service" time="0.0" classname="testcases.CountingTest"/>
  <testcase name="service" time="0.0" classname="testcases.CountingTest"/>
  <testcase name="service" time="0.001" classname="testcases.CountingTest"/>
  <testcase name="service" time="0.0" classname="testcases.CountingTest"/>
  <testcase name="service" time="0.001" classname="testcases.CountingTest"/>
  <testcase name="service" time="0.004" classname="testcases.CountingTest"/>
  <testcase name="service" time="0.001" classname="testcases.CountingTest"/>
  <testcase name="service" time="0.211" classname="testcases.CountingTest"/>
  <testcase name="service" time="0.217" classname="testcases.CountingTest"/>
  <testcase name="service" time="0.0" classname="testcases.CountingTest"/>
  <testcase name="service" time="0.22" classname="testcases.CountingTest"/>
  <testcase name="service" time="0.0" classname="testcases.CountingTest"/>
  <testcase name="service" time="0.006" classname="testcases.CountingTest"/>
  <testcase name="service" time="0.318" classname="testcases.CountingTest"/>
  <testcase name="service" time="0.001" classname="testcases.CountingTest"/>
  <testcase name="service" time="0.0" classname="testcases.CountingTest"/>
  <testcase name="service" time="0.334" classname="testcases.CountingTest"/>
  <testcase name="service" time="0.001" classname="testcases.CountingTest"/>
  <testcase name="service" time="0.001" classname="testcases.CountingTest"/>
  <testcase name="service" time="0.347" classname="testcases.CountingTest"/>
  <testcase name="service" time="0.001" classname="testcases.CountingTest"/>
  <testcase name="service" time="0.0" classname="testcases.CountingTest"/>
  <testcase name="service" time="0.352" classname="testcases.CountingTest"/>
  <testcase name="service" time="0.355" classname="testcases.CountingTest"/>
  <testcase name="service" time="0.431" classname="testcases.CountingTest"/>
  <testcase name="service" time="0.001" classname="testcases.CountingTest"/>
  <testcase name="service" time="0.436" classname="testcases.CountingTest"/>
  <testcase name="service" time="0.479" classname="testcases.CountingTest"/>
  <testcase name="service" time="0.0" classname="testcases.CountingTest"/>
  <testcase name="service" time="0.001" classname="testcases.CountingTest"/>
  <testcase name="service" time="0.0" classname="testcases.CountingTest"/>
  <testcase name="service" time="0.0" classname="testcases.CountingTest"/>
  <testcase name="service" time="0.001" classname="testcases.CountingTest"/>
  <testcase name="service" time="0.561" classname="testcases.CountingTest"/>
  <testcase name="service" time="0.001" classname="testcases.CountingTest"/>
  <testcase name="service" time="0.568" classname="testcases.CountingTest"/>
  <testcase name="service" time="0.573" classname="testcases.CountingTest"/>
  <testcase name="service" time="0.61" classname="testcases.CountingTest"/>
  <testcase name="service" time="0.009" classname="testcases.CountingTest"/>
  <testcase name="service" time="0.629" classname="testcases.CountingTest"/>
  <testcase name="service" time="0.637" classname="testcases.CountingTest"/>
  <testcase name="service" time="0.002" classname="testcases.CountingTest"/>
  <testcase name="service" time="0.0" classname="testcases.CountingTest"/>
  <testcase name="service" time="0.0" classname="testcases.CountingTest"/>
  <testcase name="service" time="0.64" classname="testcases.CountingTest"/>
  <testcase name="service" time="0.007" classname="testcases.CountingTest"/>
  <testcase name="service" time="0.0" classname="testcases.CountingTest"/>
  <testcase name="service" time="0.0" classname="testcases.CountingTest"/>
  <testcase name="service" time="0.679" classname="testcases.CountingTest"/>
  <testcase name="service" time="0.0" classname="testcases.CountingTest"/>
  <testcase name="service" time="0.0" classname="testcases.CountingTest"/>
  <testcase name="service" time="0.697" classname="testcases.CountingTest"/>
  <testcase name="service" time="0.001" classname="testcases.CountingTest"/>
  <testcase name="service" time="0.001" classname="testcases.CountingTest"/>
  <testcase name="service" time="0.005" classname="testcases.CountingTest"/>
  <testcase name="service" time="0.75" classname="testcases.CountingTest"/>
  <testcase name="service" time="0.0" classname="testcases.CountingTest"/>
  <testcase name="service" time="0.0" classname="testcases.CountingTest"/>
  <testcase name="service" time="0.0" classname="testcases.CountingTest"/>
  <testcase name="service" time="0.771" classname="testcases.CountingTest"/>
  <testcase name="service" time="0.0" classname="testcases.CountingTest"/>
  <testcase name="service" time="0.0" classname="testcases.CountingTest"/>
  <testcase name="service" time="0.781" classname="testcases.CountingTest"/>
  <testcase name="service" time="0.786" classname="testcases.CountingTest"/>
  <testcase name="service" time="0.0" classname="testcases.CountingTest"/>
  <testcase name="service" time="0.792" classname="testcases.CountingTest"/>
  <testcase name="service" time="0.0" classname="testcases.CountingTest"/>
  <testcase name="service" time="0.0" classname="testcases.CountingTest"/>
  <testcase name="service" time="0.805" classname="testcases.CountingTest"/>
  <testcase name="service" time="0.806" classname="testcases.CountingTest"/>
  <testcase name="service" time="0.003" classname="testcases.CountingTest"/>
  <testcase name="service" time="0.001" classname="testcases.CountingTest"/>
  <testcase name="service" time="0.818" classname="testcases.CountingTest"/>
  <testcase name="service" time="0.819" classname="testcases.CountingTest"/>
  <testcase name="service" time="0.001" classname="testcases.CountingTest"/>
  <testcase name="service" time="0.0" classname="testcases.CountingTest"/>
  <testcase name="service" time="0.005" classname="testcases.CountingTest"/>
  <testcase name="service" time="0.0" classname="testcases.CountingTest"/>
  <testcase name="service" time="0.837" classname="testcases.CountingTest"/>
  <testcase name="service" time="0.005" classname="testcases.CountingTest"/>
  <testcase name="service" time="0.0" classname="testcases.CountingTest"/>
  <testcase name="service" time="0.0" classname="testcases.CountingTest"/>
  <testcase name="service" time="0.855" classname="testcases.CountingTest"/>
  <testcase name="service" time="0.0" classname="testcases.CountingTest"/>
  <testcase name="service" time="0.857" classname="testcases.CountingTest"/>
  <testcase name="service" time="0.0" classname="testcases.CountingTest"/>
  <testcase name="service" time="0.0" classname="testcases.CountingTest"/>
  <testcase name="service" time="0.876" classname="testcases.CountingTest"/>
  <testcase name="service" time="0.878" classname="testcases.CountingTest"/>
  <testcase name="service" time="0.0" classname="testcases.CountingTest"/>
  <testcase name="service" time="0.001" classname="testcases.CountingTest"/>
  <testcase name="service" time="0.0" classname="testcases.CountingTest"/>
  <testcase name="service" time="0.0" classname="testcases.CountingTest"/>
  <testcase name="service" time="0.0" classname="testcases.CountingTest"/>
  <testcase name="service" time="0.0" classname="testcases.CountingTest"/>
  <testcase name="service" time="0.917" classname="testcases.CountingTest"/>
  <testcase name="service" time="0.918" classname="testcases.CountingTest"/>
  <testcase name="service" time="0.919" classname="testcases.CountingTest"/>
  <testcase name="service" time="0.0" classname="testcases.CountingTest"/>
  <testcase name="service" time="0.934" classname="testcases.CountingTest"/>
  <testcase name="service" time="0.934" classname="testcases.CountingTest"/>
  <testcase name="service" time="0.941" classname="testcases.CountingTest"/>
  <testcase name="service" time="0.001" classname="testcases.CountingTest"/>
  <testcase name="service" time="0.0" classname="testcases.CountingTest"/>
  <testcase name="service" time="0.005" classname="testcases.CountingTest"/>
  <testcase name="service" time="0.97" classname="testcases.CountingTest"/>
  <testcase name="service" time="0.972" classname="testcases.CountingTest"/>
  <testcase name="service" time="0.0" classname="testcases.CountingTest"/>
  <testcase name="service" time="0.982" classname="testcases.CountingTest"/>
  <testcase name="service" time="0.0" classname="testcases.CountingTest"/>
  <testcase name="service" time="0.0" classname="testcases.CountingTest"/>
  <testcase name="service" time="0.996" classname="testcases.CountingTest"/>
  <testcase name="service" time="0.0" classname="testcases.CountingTest"/>
  <testcase name="service" time="0.027" classname="testcases.CountingTest"/>
  <testcase name="service" time="0.041" classname="testcases.CountingTest"/>
  <testcase name="service" time="0.041" classname="testcases.CountingTest"/>
  <testcase name="service" time="0.047" classname="testcases.CountingTest"/>
  <testcase name="service" time="0.001" classname="testcases.CountingTest"/>
  <testcase name="service" time="0.048" classname="testcases.CountingTest"/>
  <testcase name="service" time="0.001" classname="testcases.CountingTest"/>
  <testcase name="service" time="0.055" classname="testcases.CountingTest"/>
  <testcase name="service" time="0.061" classname="testcases.CountingTest"/>
  <testcase name="service" time="0.062" classname="testcases.CountingTest"/>
  <testcase name="service" time="0.093" classname="testcases.CountingTest"/>
  <testcase name="service" time="0.107" classname="testcases.CountingTest"/>
  <testcase name="service" time="0.158" classname="testcases.CountingTest"/>
  <testcase name="service" time="0.173" classname="testcases.CountingTest"/>
  <testcase name="service" time="0.239" classname="testcases.CountingTest"/>
  <testcase name="service" time="0.001" classname="testcases.CountingTest"/>
  <testcase name="service" time="0.25" classname="testcases.CountingTest"/>
  <testcase name="service" time="0.266" classname="testcases.CountingTest"/>
  <testcase name="service" time="0.274" classname="testcases.CountingTest"/>
  <testcase name="service" time="0.0" classname="testcases.CountingTest"/>
  <testcase name="service" time="0.001" classname="testcases.CountingTest"/>
  <testcase name="service" time="0.004" classname="testcases.CountingTest"/>
  <testcase name="service" time="0.0" classname="testcases.CountingTest"/>
  <testcase name="service" time="0.0" classname="testcases.CountingTest"/>
  <testcase name="service" time="0.0" classname="testcases.CountingTest"/>
  <testcase name="service" time="0.502" classname="testcases.CountingTest"/>
  <testcase name="service" time="0.0" classname="testcases.CountingTest"/>
  <testcase name="service" time="0.002" classname="testcases.CountingTest"/>
  <testcase name="service" time="0.506" classname="testcases.CountingTest"/>
  <testcase name="service" time="0.0" classname="testcases.CountingTest"/>
  <testcase name="service" time="0.062" classname="testcases.CountingTest"/>
  <testcase name="service" time="0.0" classname="testcases.CountingTest"/>
  <testcase name="service" time="0.004" classname="testcases.CountingTest"/>
  <testcase name="service" time="0.019" classname="testcases.CountingTest"/>
  <testcase name="service" time="0.019" classname="testcases.CountingTest"/>
  <testcase name="service" time="0.013" classname="testcases.CountingTest"/>
  <testcase name="service" time="0.013" classname="testcases.CountingTest"/>
  <testcase name="service" time="0.007" classname="testcases.CountingTest"/>
</testsuite> <!-- Test1 -->
