<?xml version="1.0" encoding="UTF-8"?>
<!-- Generated by org.testng.reporters.JUnitReportReporter -->
<testsuite hostname="EDZ-20180329MIP" name="testcases.Counting" tests="6000" failures="0" timestamp="2 May 2018 09:52:10 GMT" time="15495.260" errors="0">
  <testcase name="service" time="0.000" classname="testcases.Counting"/>
  <testcase name="service" time="5.242" classname="testcases.Counting"/>
  <testcase name="service" time="7.409" classname="testcases.Counting"/>
  <testcase name="service" time="0.001" classname="testcases.Counting"/>
  <testcase name="service" time="0.000" classname="testcases.Counting"/>
  <testcase name="service" time="3.941" classname="testcases.Counting"/>
  <testcase name="service" time="3.678" classname="testcases.Counting"/>
  <testcase name="service" time="8.426" classname="testcases.Counting"/>
  <testcase name="service" time="0.000" classname="testcases.Counting"/>
  <testcase name="service" time="5.392" classname="testcases.Counting"/>
  <testcase name="service" time="5.260" classname="testcases.Counting"/>
  <testcase name="service" time="0.000" classname="testcases.Counting"/>
  <testcase name="service" time="0.000" classname="testcases.Counting"/>
  <testcase name="service" time="7.601" classname="testcases.Counting"/>
  <testcase name="service" time="0.000" classname="testcases.Counting"/>
  <testcase name="service" time="0.000" classname="testcases.Counting"/>
  <testcase name="service" time="0.000" classname="testcases.Counting"/>
  <testcase name="service" time="3.022" classname="testcases.Counting"/>
  <testcase name="service" time="7.759" classname="testcases.Counting"/>
  <testcase name="service" time="7.509" classname="testcases.Counting"/>
  <testcase name="service" time="0.000" classname="testcases.Counting"/>
  <testcase name="service" time="0.001" classname="testcases.Counting"/>
  <testcase name="service" time="0.000" classname="testcases.Counting"/>
  <testcase name="service" time="8.340" classname="testcases.Counting"/>
  <testcase name="service" time="0.001" classname="testcases.Counting"/>
  <testcase name="service" time="0.000" classname="testcases.Counting"/>
  <testcase name="service" time="7.595" classname="testcases.Counting"/>
  <testcase name="service" time="7.330" classname="testcases.Counting"/>
  <testcase name="service" time="2.021" classname="testcases.Counting"/>
  <testcase name="service" time="6.300" classname="testcases.Counting"/>
  <testcase name="service" time="0.016" classname="testcases.Counting"/>
  <testcase name="service" time="0.001" classname="testcases.Counting"/>
  <testcase name="service" time="3.930" classname="testcases.Counting"/>
  <testcase name="service" time="5.016" classname="testcases.Counting"/>
  <testcase name="service" time="0.001" classname="testcases.Counting"/>
  <testcase name="service" time="5.515" classname="testcases.Counting"/>
  <testcase name="service" time="4.478" classname="testcases.Counting"/>
  <testcase name="service" time="4.613" classname="testcases.Counting"/>
  <testcase name="service" time="0.000" classname="testcases.Counting"/>
  <testcase name="service" time="5.411" classname="testcases.Counting"/>
  <testcase name="service" time="2.096" classname="testcases.Counting"/>
  <testcase name="service" time="0.002" classname="testcases.Counting"/>
  <testcase name="service" time="0.001" classname="testcases.Counting"/>
  <testcase name="service" time="3.913" classname="testcases.Counting"/>
  <testcase name="service" time="0.000" classname="testcases.Counting"/>
  <testcase name="service" time="0.001" classname="testcases.Counting"/>
  <testcase name="service" time="0.001" classname="testcases.Counting"/>
  <testcase name="service" time="3.567" classname="testcases.Counting"/>
  <testcase name="service" time="0.001" classname="testcases.Counting"/>
  <testcase name="service" time="3.753" classname="testcases.Counting"/>
  <testcase name="service" time="1.403" classname="testcases.Counting"/>
  <testcase name="service" time="4.782" classname="testcases.Counting"/>
  <testcase name="service" time="0.000" classname="testcases.Counting"/>
  <testcase name="service" time="5.218" classname="testcases.Counting"/>
  <testcase name="service" time="5.272" classname="testcases.Counting"/>
  <testcase name="service" time="8.188" classname="testcases.Counting"/>
  <testcase name="service" time="0.000" classname="testcases.Counting"/>
  <testcase name="service" time="7.507" classname="testcases.Counting"/>
  <testcase name="service" time="7.356" classname="testcases.Counting"/>
  <testcase name="service" time="0.000" classname="testcases.Counting"/>
  <testcase name="service" time="0.000" classname="testcases.Counting"/>
  <testcase name="service" time="4.359" classname="testcases.Counting"/>
  <testcase name="service" time="2.669" classname="testcases.Counting"/>
  <testcase name="service" time="1.640" classname="testcases.Counting"/>
  <testcase name="service" time="4.571" classname="testcases.Counting"/>
  <testcase name="service" time="3.067" classname="testcases.Counting"/>
  <testcase name="service" time="2.465" classname="testcases.Counting"/>
  <testcase name="service" time="2.833" classname="testcases.Counting"/>
  <testcase name="service" time="3.261" classname="testcases.Counting"/>
  <testcase name="service" time="0.006" classname="testcases.Counting"/>
  <testcase name="service" time="0.285" classname="testcases.Counting"/>
  <testcase name="service" time="0.470" classname="testcases.Counting"/>
  <testcase name="service" time="0.000" classname="testcases.Counting"/>
  <testcase name="service" time="3.139" classname="testcases.Counting"/>
  <testcase name="service" time="0.002" classname="testcases.Counting"/>
  <testcase name="service" time="0.000" classname="testcases.Counting"/>
  <testcase name="service" time="0.000" classname="testcases.Counting"/>
  <testcase name="service" time="2.678" classname="testcases.Counting"/>
  <testcase name="service" time="0.003" classname="testcases.Counting"/>
  <testcase name="service" time="7.435" classname="testcases.Counting"/>
  <testcase name="service" time="0.000" classname="testcases.Counting"/>
  <testcase name="service" time="0.000" classname="testcases.Counting"/>
  <testcase name="service" time="4.867" classname="testcases.Counting"/>
  <testcase name="service" time="0.000" classname="testcases.Counting"/>
  <testcase name="service" time="0.001" classname="testcases.Counting"/>
  <testcase name="service" time="5.001" classname="testcases.Counting"/>
  <testcase name="service" time="2.823" classname="testcases.Counting"/>
  <testcase name="service" time="0.001" classname="testcases.Counting"/>
  <testcase name="service" time="0.003" classname="testcases.Counting"/>
  <testcase name="service" time="4.514" classname="testcases.Counting"/>
  <testcase name="service" time="0.688" classname="testcases.Counting"/>
  <testcase name="service" time="0.000" classname="testcases.Counting"/>
  <testcase name="service" time="4.266" classname="testcases.Counting"/>
  <testcase name="service" time="7.434" classname="testcases.Counting"/>
  <testcase name="service" time="8.615" classname="testcases.Counting"/>
  <testcase name="service" time="0.000" classname="testcases.Counting"/>
  <testcase name="service" time="2.078" classname="testcases.Counting"/>
  <testcase name="service" time="3.109" classname="testcases.Counting"/>
  <testcase name="service" time="3.309" classname="testcases.Counting"/>
  <testcase name="service" time="2.001" classname="testcases.Counting"/>
  <testcase name="service" time="0.000" classname="testcases.Counting"/>
  <testcase name="service" time="0.835" classname="testcases.Counting"/>
  <testcase name="service" time="0.000" classname="testcases.Counting"/>
  <testcase name="service" time="0.006" classname="testcases.Counting"/>
  <testcase name="service" time="3.563" classname="testcases.Counting"/>
  <testcase name="service" time="0.000" classname="testcases.Counting"/>
  <testcase name="service" time="3.356" classname="testcases.Counting"/>
  <testcase name="service" time="2.651" classname="testcases.Counting"/>
  <testcase name="service" time="0.000" classname="testcases.Counting"/>
  <testcase name="service" time="0.936" classname="testcases.Counting"/>
  <testcase name="service" time="0.007" classname="testcases.Counting"/>
  <testcase name="service" time="5.171" classname="testcases.Counting"/>
  <testcase name="service" time="5.003" classname="testcases.Counting"/>
  <testcase name="service" time="2.709" classname="testcases.Counting"/>
  <testcase name="service" time="8.430" classname="testcases.Counting"/>
  <testcase name="service" time="2.238" classname="testcases.Counting"/>
  <testcase name="service" time="3.072" classname="testcases.Counting"/>
  <testcase name="service" time="1.388" classname="testcases.Counting"/>
  <testcase name="service" time="0.001" classname="testcases.Counting"/>
  <testcase name="service" time="3.649" classname="testcases.Counting"/>
  <testcase name="service" time="0.001" classname="testcases.Counting"/>
  <testcase name="service" time="8.073" classname="testcases.Counting"/>
  <testcase name="service" time="2.065" classname="testcases.Counting"/>
  <testcase name="service" time="2.359" classname="testcases.Counting"/>
  <testcase name="service" time="5.274" classname="testcases.Counting"/>
  <testcase name="service" time="0.002" classname="testcases.Counting"/>
  <testcase name="service" time="2.238" classname="testcases.Counting"/>
  <testcase name="service" time="4.532" classname="testcases.Counting"/>
  <testcase name="service" time="0.912" classname="testcases.Counting"/>
  <testcase name="service" time="0.001" classname="testcases.Counting"/>
  <testcase name="service" time="5.218" classname="testcases.Counting"/>
  <testcase name="service" time="4.556" classname="testcases.Counting"/>
  <testcase name="service" time="0.000" classname="testcases.Counting"/>
  <testcase name="service" time="0.000" classname="testcases.Counting"/>
  <testcase name="service" time="0.003" classname="testcases.Counting"/>
  <testcase name="service" time="0.000" classname="testcases.Counting"/>
  <testcase name="service" time="3.955" classname="testcases.Counting"/>
  <testcase name="service" time="0.000" classname="testcases.Counting"/>
  <testcase name="service" time="2.077" classname="testcases.Counting"/>
  <testcase name="service" time="8.205" classname="testcases.Counting"/>
  <testcase name="service" time="0.638" classname="testcases.Counting"/>
  <testcase name="service" time="0.001" classname="testcases.Counting"/>
  <testcase name="service" time="0.000" classname="testcases.Counting"/>
  <testcase name="service" time="2.517" classname="testcases.Counting"/>
  <testcase name="service" time="2.855" classname="testcases.Counting"/>
  <testcase name="service" time="0.002" classname="testcases.Counting"/>
  <testcase name="service" time="7.787" classname="testcases.Counting"/>
  <testcase name="service" time="0.001" classname="testcases.Counting"/>
  <testcase name="service" time="2.169" classname="testcases.Counting"/>
  <testcase name="service" time="4.721" classname="testcases.Counting"/>
  <testcase name="service" time="0.001" classname="testcases.Counting"/>
  <testcase name="service" time="4.315" classname="testcases.Counting"/>
  <testcase name="service" time="0.083" classname="testcases.Counting"/>
  <testcase name="service" time="2.698" classname="testcases.Counting"/>
  <testcase name="service" time="8.529" classname="testcases.Counting"/>
  <testcase name="service" time="8.335" classname="testcases.Counting"/>
  <testcase name="service" time="5.526" classname="testcases.Counting"/>
  <testcase name="service" time="0.364" classname="testcases.Counting"/>
  <testcase name="service" time="2.305" classname="testcases.Counting"/>
  <testcase name="service" time="7.788" classname="testcases.Counting"/>
  <testcase name="service" time="0.001" classname="testcases.Counting"/>
  <testcase name="service" time="0.001" classname="testcases.Counting"/>
  <testcase name="service" time="0.000" classname="testcases.Counting"/>
  <testcase name="service" time="2.439" classname="testcases.Counting"/>
  <testcase name="service" time="4.393" classname="testcases.Counting"/>
  <testcase name="service" time="2.956" classname="testcases.Counting"/>
  <testcase name="service" time="4.272" classname="testcases.Counting"/>
  <testcase name="service" time="0.000" classname="testcases.Counting"/>
  <testcase name="service" time="6.144" classname="testcases.Counting"/>
  <testcase name="service" time="5.190" classname="testcases.Counting"/>
  <testcase name="service" time="3.294" classname="testcases.Counting"/>
  <testcase name="service" time="0.001" classname="testcases.Counting"/>
  <testcase name="service" time="0.001" classname="testcases.Counting"/>
  <testcase name="service" time="6.147" classname="testcases.Counting"/>
  <testcase name="service" time="0.000" classname="testcases.Counting"/>
  <testcase name="service" time="7.619" classname="testcases.Counting"/>
  <testcase name="service" time="4.467" classname="testcases.Counting"/>
  <testcase name="service" time="1.514" classname="testcases.Counting"/>
  <testcase name="service" time="0.071" classname="testcases.Counting"/>
  <testcase name="service" time="5.219" classname="testcases.Counting"/>
  <testcase name="service" time="2.515" classname="testcases.Counting"/>
  <testcase name="service" time="0.001" classname="testcases.Counting"/>
  <testcase name="service" time="0.000" classname="testcases.Counting"/>
  <testcase name="service" time="3.998" classname="testcases.Counting"/>
  <testcase name="service" time="7.421" classname="testcases.Counting"/>
  <testcase name="service" time="0.490" classname="testcases.Counting"/>
  <testcase name="service" time="2.297" classname="testcases.Counting"/>
  <testcase name="service" time="0.000" classname="testcases.Counting"/>
  <testcase name="service" time="2.803" classname="testcases.Counting"/>
  <testcase name="service" time="2.288" classname="testcases.Counting"/>
  <testcase name="service" time="0.000" classname="testcases.Counting"/>
  <testcase name="service" time="0.000" classname="testcases.Counting"/>
  <testcase name="service" time="0.002" classname="testcases.Counting"/>
  <testcase name="service" time="0.000" classname="testcases.Counting"/>
  <testcase name="service" time="7.434" classname="testcases.Counting"/>
  <testcase name="service" time="0.000" classname="testcases.Counting"/>
  <testcase name="service" time="0.000" classname="testcases.Counting"/>
  <testcase name="service" time="0.424" classname="testcases.Counting"/>
  <testcase name="service" time="0.001" classname="testcases.Counting"/>
  <testcase name="service" time="0.000" classname="testcases.Counting"/>
  <testcase name="service" time="2.967" classname="testcases.Counting"/>
  <testcase name="service" time="2.111" classname="testcases.Counting"/>
  <testcase name="service" time="0.362" classname="testcases.Counting"/>
  <testcase name="service" time="0.000" classname="testcases.Counting"/>
  <testcase name="service" time="6.228" classname="testcases.Counting"/>
  <testcase name="service" time="7.364" classname="testcases.Counting"/>
  <testcase name="service" time="2.274" classname="testcases.Counting"/>
  <testcase name="service" time="0.002" classname="testcases.Counting"/>
  <testcase name="service" time="0.002" classname="testcases.Counting"/>
  <testcase name="service" time="0.001" classname="testcases.Counting"/>
  <testcase name="service" time="8.120" classname="testcases.Counting"/>
  <testcase name="service" time="0.008" classname="testcases.Counting"/>
  <testcase name="service" time="0.001" classname="testcases.Counting"/>
  <testcase name="service" time="0.000" classname="testcases.Counting"/>
  <testcase name="service" time="0.121" classname="testcases.Counting"/>
  <testcase name="service" time="1.505" classname="testcases.Counting"/>
  <testcase name="service" time="5.384" classname="testcases.Counting"/>
  <testcase name="service" time="8.614" classname="testcases.Counting"/>
  <testcase name="service" time="5.505" classname="testcases.Counting"/>
  <testcase name="service" time="5.927" classname="testcases.Counting"/>
  <testcase name="service" time="4.272" classname="testcases.Counting"/>
  <testcase name="service" time="1.530" classname="testcases.Counting"/>
  <testcase name="service" time="4.446" classname="testcases.Counting"/>
  <testcase name="service" time="4.675" classname="testcases.Counting"/>
  <testcase name="service" time="3.559" classname="testcases.Counting"/>
  <testcase name="service" time="0.001" classname="testcases.Counting"/>
  <testcase name="service" time="0.000" classname="testcases.Counting"/>
  <testcase name="service" time="2.298" classname="testcases.Counting"/>
  <testcase name="service" time="4.070" classname="testcases.Counting"/>
  <testcase name="service" time="0.000" classname="testcases.Counting"/>
  <testcase name="service" time="6.109" classname="testcases.Counting"/>
  <testcase name="service" time="4.321" classname="testcases.Counting"/>
  <testcase name="service" time="4.482" classname="testcases.Counting"/>
  <testcase name="service" time="4.272" classname="testcases.Counting"/>
  <testcase name="service" time="2.166" classname="testcases.Counting"/>
  <testcase name="service" time="0.000" classname="testcases.Counting"/>
  <testcase name="service" time="1.414" classname="testcases.Counting"/>
  <testcase name="service" time="1.943" classname="testcases.Counting"/>
  <testcase name="service" time="2.325" classname="testcases.Counting"/>
  <testcase name="service" time="0.000" classname="testcases.Counting"/>
  <testcase name="service" time="0.000" classname="testcases.Counting"/>
  <testcase name="service" time="0.009" classname="testcases.Counting"/>
  <testcase name="service" time="4.908" classname="testcases.Counting"/>
  <testcase name="service" time="5.278" classname="testcases.Counting"/>
  <testcase name="service" time="1.341" classname="testcases.Counting"/>
  <testcase name="service" time="4.744" classname="testcases.Counting"/>
  <testcase name="service" time="0.008" classname="testcases.Counting"/>
  <testcase name="service" time="7.418" classname="testcases.Counting"/>
  <testcase name="service" time="3.827" classname="testcases.Counting"/>
  <testcase name="service" time="5.423" classname="testcases.Counting"/>
  <testcase name="service" time="2.097" classname="testcases.Counting"/>
  <testcase name="service" time="3.352" classname="testcases.Counting"/>
  <testcase name="service" time="0.642" classname="testcases.Counting"/>
  <testcase name="service" time="3.108" classname="testcases.Counting"/>
  <testcase name="service" time="0.001" classname="testcases.Counting"/>
  <testcase name="service" time="0.009" classname="testcases.Counting"/>
  <testcase name="service" time="0.000" classname="testcases.Counting"/>
  <testcase name="service" time="8.409" classname="testcases.Counting"/>
  <testcase name="service" time="0.000" classname="testcases.Counting"/>
  <testcase name="service" time="8.106" classname="testcases.Counting"/>
  <testcase name="service" time="4.596" classname="testcases.Counting"/>
  <testcase name="service" time="0.000" classname="testcases.Counting"/>
  <testcase name="service" time="0.001" classname="testcases.Counting"/>
  <testcase name="service" time="3.081" classname="testcases.Counting"/>
  <testcase name="service" time="3.281" classname="testcases.Counting"/>
  <testcase name="service" time="1.916" classname="testcases.Counting"/>
  <testcase name="service" time="0.001" classname="testcases.Counting"/>
  <testcase name="service" time="1.572" classname="testcases.Counting"/>
  <testcase name="service" time="0.657" classname="testcases.Counting"/>
  <testcase name="service" time="8.541" classname="testcases.Counting"/>
  <testcase name="service" time="2.667" classname="testcases.Counting"/>
  <testcase name="service" time="5.237" classname="testcases.Counting"/>
  <testcase name="service" time="2.490" classname="testcases.Counting"/>
  <testcase name="service" time="0.001" classname="testcases.Counting"/>
  <testcase name="service" time="0.557" classname="testcases.Counting"/>
  <testcase name="service" time="0.000" classname="testcases.Counting"/>
  <testcase name="service" time="2.110" classname="testcases.Counting"/>
  <testcase name="service" time="2.115" classname="testcases.Counting"/>
  <testcase name="service" time="8.135" classname="testcases.Counting"/>
  <testcase name="service" time="0.000" classname="testcases.Counting"/>
  <testcase name="service" time="0.000" classname="testcases.Counting"/>
  <testcase name="service" time="4.952" classname="testcases.Counting"/>
  <testcase name="service" time="5.347" classname="testcases.Counting"/>
  <testcase name="service" time="0.001" classname="testcases.Counting"/>
  <testcase name="service" time="0.000" classname="testcases.Counting"/>
  <testcase name="service" time="1.020" classname="testcases.Counting"/>
  <testcase name="service" time="3.922" classname="testcases.Counting"/>
  <testcase name="service" time="0.330" classname="testcases.Counting"/>
  <testcase name="service" time="3.380" classname="testcases.Counting"/>
  <testcase name="service" time="0.917" classname="testcases.Counting"/>
  <testcase name="service" time="1.265" classname="testcases.Counting"/>
  <testcase name="service" time="5.997" classname="testcases.Counting"/>
  <testcase name="service" time="0.000" classname="testcases.Counting"/>
  <testcase name="service" time="3.147" classname="testcases.Counting"/>
  <testcase name="service" time="2.396" classname="testcases.Counting"/>
  <testcase name="service" time="4.352" classname="testcases.Counting"/>
  <testcase name="service" time="4.637" classname="testcases.Counting"/>
  <testcase name="service" time="2.715" classname="testcases.Counting"/>
  <testcase name="service" time="0.757" classname="testcases.Counting"/>
  <testcase name="service" time="7.254" classname="testcases.Counting"/>
  <testcase name="service" time="0.001" classname="testcases.Counting"/>
  <testcase name="service" time="2.396" classname="testcases.Counting"/>
  <testcase name="service" time="1.478" classname="testcases.Counting"/>
  <testcase name="service" time="0.068" classname="testcases.Counting"/>
  <testcase name="service" time="0.001" classname="testcases.Counting"/>
  <testcase name="service" time="3.124" classname="testcases.Counting"/>
  <testcase name="service" time="2.445" classname="testcases.Counting"/>
  <testcase name="service" time="0.000" classname="testcases.Counting"/>
  <testcase name="service" time="3.121" classname="testcases.Counting"/>
  <testcase name="service" time="0.000" classname="testcases.Counting"/>
  <testcase name="service" time="0.001" classname="testcases.Counting"/>
  <testcase name="service" time="8.217" classname="testcases.Counting"/>
  <testcase name="service" time="4.955" classname="testcases.Counting"/>
  <testcase name="service" time="2.107" classname="testcases.Counting"/>
  <testcase name="service" time="0.000" classname="testcases.Counting"/>
  <testcase name="service" time="2.845" classname="testcases.Counting"/>
  <testcase name="service" time="2.100" classname="testcases.Counting"/>
  <testcase name="service" time="7.506" classname="testcases.Counting"/>
  <testcase name="service" time="4.313" classname="testcases.Counting"/>
  <testcase name="service" time="0.001" classname="testcases.Counting"/>
  <testcase name="service" time="4.319" classname="testcases.Counting"/>
  <testcase name="service" time="4.474" classname="testcases.Counting"/>
  <testcase name="service" time="8.092" classname="testcases.Counting"/>
  <testcase name="service" time="0.255" classname="testcases.Counting"/>
  <testcase name="service" time="0.003" classname="testcases.Counting"/>
  <testcase name="service" time="0.000" classname="testcases.Counting"/>
  <testcase name="service" time="7.316" classname="testcases.Counting"/>
  <testcase name="service" time="0.000" classname="testcases.Counting"/>
  <testcase name="service" time="0.753" classname="testcases.Counting"/>
  <testcase name="service" time="8.096" classname="testcases.Counting"/>
  <testcase name="service" time="8.295" classname="testcases.Counting"/>
  <testcase name="service" time="0.584" classname="testcases.Counting"/>
  <testcase name="service" time="3.919" classname="testcases.Counting"/>
  <testcase name="service" time="5.325" classname="testcases.Counting"/>
  <testcase name="service" time="3.783" classname="testcases.Counting"/>
  <testcase name="service" time="5.944" classname="testcases.Counting"/>
  <testcase name="service" time="1.413" classname="testcases.Counting"/>
  <testcase name="service" time="0.000" classname="testcases.Counting"/>
  <testcase name="service" time="4.477" classname="testcases.Counting"/>
  <testcase name="service" time="0.005" classname="testcases.Counting"/>
  <testcase name="service" time="0.321" classname="testcases.Counting"/>
  <testcase name="service" time="0.000" classname="testcases.Counting"/>
  <testcase name="service" time="2.007" classname="testcases.Counting"/>
  <testcase name="service" time="0.291" classname="testcases.Counting"/>
  <testcase name="service" time="1.414" classname="testcases.Counting"/>
  <testcase name="service" time="3.373" classname="testcases.Counting"/>
  <testcase name="service" time="0.000" classname="testcases.Counting"/>
  <testcase name="service" time="0.367" classname="testcases.Counting"/>
  <testcase name="service" time="0.001" classname="testcases.Counting"/>
  <testcase name="service" time="0.000" classname="testcases.Counting"/>
  <testcase name="service" time="0.000" classname="testcases.Counting"/>
  <testcase name="service" time="0.001" classname="testcases.Counting"/>
  <testcase name="service" time="2.583" classname="testcases.Counting"/>
  <testcase name="service" time="0.000" classname="testcases.Counting"/>
  <testcase name="service" time="0.000" classname="testcases.Counting"/>
  <testcase name="service" time="2.162" classname="testcases.Counting"/>
  <testcase name="service" time="0.000" classname="testcases.Counting"/>
  <testcase name="service" time="5.563" classname="testcases.Counting"/>
  <testcase name="service" time="0.000" classname="testcases.Counting"/>
  <testcase name="service" time="2.421" classname="testcases.Counting"/>
  <testcase name="service" time="0.002" classname="testcases.Counting"/>
  <testcase name="service" time="1.647" classname="testcases.Counting"/>
  <testcase name="service" time="4.513" classname="testcases.Counting"/>
  <testcase name="service" time="5.394" classname="testcases.Counting"/>
  <testcase name="service" time="8.362" classname="testcases.Counting"/>
  <testcase name="service" time="0.001" classname="testcases.Counting"/>
  <testcase name="service" time="0.001" classname="testcases.Counting"/>
  <testcase name="service" time="3.140" classname="testcases.Counting"/>
  <testcase name="service" time="0.000" classname="testcases.Counting"/>
  <testcase name="service" time="0.000" classname="testcases.Counting"/>
  <testcase name="service" time="8.347" classname="testcases.Counting"/>
  <testcase name="service" time="1.529" classname="testcases.Counting"/>
  <testcase name="service" time="7.633" classname="testcases.Counting"/>
  <testcase name="service" time="4.576" classname="testcases.Counting"/>
  <testcase name="service" time="0.001" classname="testcases.Counting"/>
  <testcase name="service" time="0.000" classname="testcases.Counting"/>
  <testcase name="service" time="0.207" classname="testcases.Counting"/>
  <testcase name="service" time="2.070" classname="testcases.Counting"/>
  <testcase name="service" time="0.007" classname="testcases.Counting"/>
  <testcase name="service" time="2.635" classname="testcases.Counting"/>
  <testcase name="service" time="8.219" classname="testcases.Counting"/>
  <testcase name="service" time="1.602" classname="testcases.Counting"/>
  <testcase name="service" time="2.856" classname="testcases.Counting"/>
  <testcase name="service" time="5.223" classname="testcases.Counting"/>
  <testcase name="service" time="2.298" classname="testcases.Counting"/>
  <testcase name="service" time="2.273" classname="testcases.Counting"/>
  <testcase name="service" time="2.708" classname="testcases.Counting"/>
  <testcase name="service" time="0.957" classname="testcases.Counting"/>
  <testcase name="service" time="1.538" classname="testcases.Counting"/>
  <testcase name="service" time="1.962" classname="testcases.Counting"/>
  <testcase name="service" time="0.765" classname="testcases.Counting"/>
  <testcase name="service" time="0.002" classname="testcases.Counting"/>
  <testcase name="service" time="3.924" classname="testcases.Counting"/>
  <testcase name="service" time="0.001" classname="testcases.Counting"/>
  <testcase name="service" time="3.315" classname="testcases.Counting"/>
  <testcase name="service" time="0.001" classname="testcases.Counting"/>
  <testcase name="service" time="0.001" classname="testcases.Counting"/>
  <testcase name="service" time="0.000" classname="testcases.Counting"/>
  <testcase name="service" time="5.078" classname="testcases.Counting"/>
  <testcase name="service" time="3.917" classname="testcases.Counting"/>
  <testcase name="service" time="0.000" classname="testcases.Counting"/>
  <testcase name="service" time="0.001" classname="testcases.Counting"/>
  <testcase name="service" time="8.295" classname="testcases.Counting"/>
  <testcase name="service" time="6.301" classname="testcases.Counting"/>
  <testcase name="service" time="0.001" classname="testcases.Counting"/>
  <testcase name="service" time="1.359" classname="testcases.Counting"/>
  <testcase name="service" time="0.000" classname="testcases.Counting"/>
  <testcase name="service" time="0.260" classname="testcases.Counting"/>
  <testcase name="service" time="7.600" classname="testcases.Counting"/>
  <testcase name="service" time="0.000" classname="testcases.Counting"/>
  <testcase name="service" time="5.212" classname="testcases.Counting"/>
  <testcase name="service" time="5.346" classname="testcases.Counting"/>
  <testcase name="service" time="2.843" classname="testcases.Counting"/>
  <testcase name="service" time="3.088" classname="testcases.Counting"/>
  <testcase name="service" time="1.745" classname="testcases.Counting"/>
  <testcase name="service" time="2.579" classname="testcases.Counting"/>
  <testcase name="service" time="4.596" classname="testcases.Counting"/>
  <testcase name="service" time="1.163" classname="testcases.Counting"/>
  <testcase name="service" time="7.374" classname="testcases.Counting"/>
  <testcase name="service" time="3.985" classname="testcases.Counting"/>
  <testcase name="service" time="4.002" classname="testcases.Counting"/>
  <testcase name="service" time="0.001" classname="testcases.Counting"/>
  <testcase name="service" time="2.353" classname="testcases.Counting"/>
  <testcase name="service" time="8.285" classname="testcases.Counting"/>
  <testcase name="service" time="0.887" classname="testcases.Counting"/>
  <testcase name="service" time="2.286" classname="testcases.Counting"/>
  <testcase name="service" time="2.336" classname="testcases.Counting"/>
  <testcase name="service" time="6.019" classname="testcases.Counting"/>
  <testcase name="service" time="2.290" classname="testcases.Counting"/>
  <testcase name="service" time="0.000" classname="testcases.Counting"/>
  <testcase name="service" time="1.975" classname="testcases.Counting"/>
  <testcase name="service" time="1.641" classname="testcases.Counting"/>
  <testcase name="service" time="0.001" classname="testcases.Counting"/>
  <testcase name="service" time="2.939" classname="testcases.Counting"/>
  <testcase name="service" time="4.906" classname="testcases.Counting"/>
  <testcase name="service" time="2.477" classname="testcases.Counting"/>
  <testcase name="service" time="0.005" classname="testcases.Counting"/>
  <testcase name="service" time="7.421" classname="testcases.Counting"/>
  <testcase name="service" time="2.211" classname="testcases.Counting"/>
  <testcase name="service" time="0.001" classname="testcases.Counting"/>
  <testcase name="service" time="2.230" classname="testcases.Counting"/>
  <testcase name="service" time="0.000" classname="testcases.Counting"/>
  <testcase name="service" time="0.001" classname="testcases.Counting"/>
  <testcase name="service" time="0.000" classname="testcases.Counting"/>
  <testcase name="service" time="2.500" classname="testcases.Counting"/>
  <testcase name="service" time="1.497" classname="testcases.Counting"/>
  <testcase name="service" time="4.625" classname="testcases.Counting"/>
  <testcase name="service" time="1.268" classname="testcases.Counting"/>
  <testcase name="service" time="0.001" classname="testcases.Counting"/>
  <testcase name="service" time="2.367" classname="testcases.Counting"/>
  <testcase name="service" time="4.547" classname="testcases.Counting"/>
  <testcase name="service" time="6.333" classname="testcases.Counting"/>
  <testcase name="service" time="0.000" classname="testcases.Counting"/>
  <testcase name="service" time="0.001" classname="testcases.Counting"/>
  <testcase name="service" time="3.339" classname="testcases.Counting"/>
  <testcase name="service" time="2.210" classname="testcases.Counting"/>
  <testcase name="service" time="3.264" classname="testcases.Counting"/>
  <testcase name="service" time="8.439" classname="testcases.Counting"/>
  <testcase name="service" time="3.067" classname="testcases.Counting"/>
  <testcase name="service" time="0.000" classname="testcases.Counting"/>
  <testcase name="service" time="2.236" classname="testcases.Counting"/>
  <testcase name="service" time="0.000" classname="testcases.Counting"/>
  <testcase name="service" time="8.499" classname="testcases.Counting"/>
  <testcase name="service" time="4.360" classname="testcases.Counting"/>
  <testcase name="service" time="2.405" classname="testcases.Counting"/>
  <testcase name="service" time="0.000" classname="testcases.Counting"/>
  <testcase name="service" time="3.236" classname="testcases.Counting"/>
  <testcase name="service" time="0.001" classname="testcases.Counting"/>
  <testcase name="service" time="1.939" classname="testcases.Counting"/>
  <testcase name="service" time="0.000" classname="testcases.Counting"/>
  <testcase name="service" time="8.375" classname="testcases.Counting"/>
  <testcase name="service" time="2.479" classname="testcases.Counting"/>
  <testcase name="service" time="3.526" classname="testcases.Counting"/>
  <testcase name="service" time="0.000" classname="testcases.Counting"/>
  <testcase name="service" time="0.000" classname="testcases.Counting"/>
  <testcase name="service" time="2.547" classname="testcases.Counting"/>
  <testcase name="service" time="0.000" classname="testcases.Counting"/>
  <testcase name="service" time="3.419" classname="testcases.Counting"/>
  <testcase name="service" time="4.361" classname="testcases.Counting"/>
  <testcase name="service" time="2.856" classname="testcases.Counting"/>
  <testcase name="service" time="2.513" classname="testcases.Counting"/>
  <testcase name="service" time="0.001" classname="testcases.Counting"/>
  <testcase name="service" time="3.021" classname="testcases.Counting"/>
  <testcase name="service" time="2.770" classname="testcases.Counting"/>
  <testcase name="service" time="4.522" classname="testcases.Counting"/>
  <testcase name="service" time="0.001" classname="testcases.Counting"/>
  <testcase name="service" time="0.495" classname="testcases.Counting"/>
  <testcase name="service" time="5.219" classname="testcases.Counting"/>
  <testcase name="service" time="8.454" classname="testcases.Counting"/>
  <testcase name="service" time="0.001" classname="testcases.Counting"/>
  <testcase name="service" time="4.356" classname="testcases.Counting"/>
  <testcase name="service" time="2.781" classname="testcases.Counting"/>
  <testcase name="service" time="0.000" classname="testcases.Counting"/>
  <testcase name="service" time="2.325" classname="testcases.Counting"/>
  <testcase name="service" time="0.000" classname="testcases.Counting"/>
  <testcase name="service" time="0.003" classname="testcases.Counting"/>
  <testcase name="service" time="0.037" classname="testcases.Counting"/>
  <testcase name="service" time="8.296" classname="testcases.Counting"/>
  <testcase name="service" time="3.936" classname="testcases.Counting"/>
  <testcase name="service" time="0.000" classname="testcases.Counting"/>
  <testcase name="service" time="0.000" classname="testcases.Counting"/>
  <testcase name="service" time="0.000" classname="testcases.Counting"/>
  <testcase name="service" time="0.002" classname="testcases.Counting"/>
  <testcase name="service" time="5.977" classname="testcases.Counting"/>
  <testcase name="service" time="2.317" classname="testcases.Counting"/>
  <testcase name="service" time="0.000" classname="testcases.Counting"/>
  <testcase name="service" time="1.345" classname="testcases.Counting"/>
  <testcase name="service" time="0.469" classname="testcases.Counting"/>
  <testcase name="service" time="2.200" classname="testcases.Counting"/>
  <testcase name="service" time="0.593" classname="testcases.Counting"/>
  <testcase name="service" time="1.246" classname="testcases.Counting"/>
  <testcase name="service" time="5.333" classname="testcases.Counting"/>
  <testcase name="service" time="0.000" classname="testcases.Counting"/>
  <testcase name="service" time="0.645" classname="testcases.Counting"/>
  <testcase name="service" time="8.134" classname="testcases.Counting"/>
  <testcase name="service" time="0.011" classname="testcases.Counting"/>
  <testcase name="service" time="0.001" classname="testcases.Counting"/>
  <testcase name="service" time="0.000" classname="testcases.Counting"/>
  <testcase name="service" time="0.005" classname="testcases.Counting"/>
  <testcase name="service" time="8.614" classname="testcases.Counting"/>
  <testcase name="service" time="3.027" classname="testcases.Counting"/>
  <testcase name="service" time="8.331" classname="testcases.Counting"/>
  <testcase name="service" time="7.593" classname="testcases.Counting"/>
  <testcase name="service" time="7.409" classname="testcases.Counting"/>
  <testcase name="service" time="0.001" classname="testcases.Counting"/>
  <testcase name="service" time="8.216" classname="testcases.Counting"/>
  <testcase name="service" time="5.975" classname="testcases.Counting"/>
  <testcase name="service" time="0.000" classname="testcases.Counting"/>
  <testcase name="service" time="0.000" classname="testcases.Counting"/>
  <testcase name="service" time="8.350" classname="testcases.Counting"/>
  <testcase name="service" time="3.604" classname="testcases.Counting"/>
  <testcase name="service" time="0.001" classname="testcases.Counting"/>
  <testcase name="service" time="3.465" classname="testcases.Counting"/>
  <testcase name="service" time="0.599" classname="testcases.Counting"/>
  <testcase name="service" time="1.217" classname="testcases.Counting"/>
  <testcase name="service" time="2.539" classname="testcases.Counting"/>
  <testcase name="service" time="0.001" classname="testcases.Counting"/>
  <testcase name="service" time="0.000" classname="testcases.Counting"/>
  <testcase name="service" time="2.982" classname="testcases.Counting"/>
  <testcase name="service" time="2.177" classname="testcases.Counting"/>
  <testcase name="service" time="1.207" classname="testcases.Counting"/>
  <testcase name="service" time="4.342" classname="testcases.Counting"/>
  <testcase name="service" time="0.005" classname="testcases.Counting"/>
  <testcase name="service" time="0.000" classname="testcases.Counting"/>
  <testcase name="service" time="0.000" classname="testcases.Counting"/>
  <testcase name="service" time="0.002" classname="testcases.Counting"/>
  <testcase name="service" time="3.261" classname="testcases.Counting"/>
  <testcase name="service" time="1.576" classname="testcases.Counting"/>
  <testcase name="service" time="2.298" classname="testcases.Counting"/>
  <testcase name="service" time="0.000" classname="testcases.Counting"/>
  <testcase name="service" time="5.335" classname="testcases.Counting"/>
  <testcase name="service" time="1.051" classname="testcases.Counting"/>
  <testcase name="service" time="2.169" classname="testcases.Counting"/>
  <testcase name="service" time="2.722" classname="testcases.Counting"/>
  <testcase name="service" time="1.713" classname="testcases.Counting"/>
  <testcase name="service" time="2.553" classname="testcases.Counting"/>
  <testcase name="service" time="3.237" classname="testcases.Counting"/>
  <testcase name="service" time="5.282" classname="testcases.Counting"/>
  <testcase name="service" time="0.001" classname="testcases.Counting"/>
  <testcase name="service" time="1.792" classname="testcases.Counting"/>
  <testcase name="service" time="7.314" classname="testcases.Counting"/>
  <testcase name="service" time="0.001" classname="testcases.Counting"/>
  <testcase name="service" time="2.409" classname="testcases.Counting"/>
  <testcase name="service" time="1.792" classname="testcases.Counting"/>
  <testcase name="service" time="0.883" classname="testcases.Counting"/>
  <testcase name="service" time="2.816" classname="testcases.Counting"/>
  <testcase name="service" time="4.572" classname="testcases.Counting"/>
  <testcase name="service" time="5.217" classname="testcases.Counting"/>
  <testcase name="service" time="8.629" classname="testcases.Counting"/>
  <testcase name="service" time="3.532" classname="testcases.Counting"/>
  <testcase name="service" time="7.398" classname="testcases.Counting"/>
  <testcase name="service" time="3.097" classname="testcases.Counting"/>
  <testcase name="service" time="5.425" classname="testcases.Counting"/>
  <testcase name="service" time="2.031" classname="testcases.Counting"/>
  <testcase name="service" time="0.000" classname="testcases.Counting"/>
  <testcase name="service" time="2.815" classname="testcases.Counting"/>
  <testcase name="service" time="2.619" classname="testcases.Counting"/>
  <testcase name="service" time="0.000" classname="testcases.Counting"/>
  <testcase name="service" time="2.425" classname="testcases.Counting"/>
  <testcase name="service" time="3.077" classname="testcases.Counting"/>
  <testcase name="service" time="2.550" classname="testcases.Counting"/>
  <testcase name="service" time="3.587" classname="testcases.Counting"/>
  <testcase name="service" time="0.004" classname="testcases.Counting"/>
  <testcase name="service" time="5.054" classname="testcases.Counting"/>
  <testcase name="service" time="0.000" classname="testcases.Counting"/>
  <testcase name="service" time="7.628" classname="testcases.Counting"/>
  <testcase name="service" time="1.990" classname="testcases.Counting"/>
  <testcase name="service" time="0.000" classname="testcases.Counting"/>
  <testcase name="service" time="0.000" classname="testcases.Counting"/>
  <testcase name="service" time="0.342" classname="testcases.Counting"/>
  <testcase name="service" time="0.002" classname="testcases.Counting"/>
  <testcase name="service" time="0.001" classname="testcases.Counting"/>
  <testcase name="service" time="6.443" classname="testcases.Counting"/>
  <testcase name="service" time="4.060" classname="testcases.Counting"/>
  <testcase name="service" time="8.340" classname="testcases.Counting"/>
  <testcase name="service" time="7.813" classname="testcases.Counting"/>
  <testcase name="service" time="2.353" classname="testcases.Counting"/>
  <testcase name="service" time="5.468" classname="testcases.Counting"/>
  <testcase name="service" time="1.687" classname="testcases.Counting"/>
  <testcase name="service" time="5.175" classname="testcases.Counting"/>
  <testcase name="service" time="3.952" classname="testcases.Counting"/>
  <testcase name="service" time="0.598" classname="testcases.Counting"/>
  <testcase name="service" time="2.309" classname="testcases.Counting"/>
  <testcase name="service" time="3.543" classname="testcases.Counting"/>
  <testcase name="service" time="3.368" classname="testcases.Counting"/>
  <testcase name="service" time="4.530" classname="testcases.Counting"/>
  <testcase name="service" time="0.000" classname="testcases.Counting"/>
  <testcase name="service" time="4.467" classname="testcases.Counting"/>
  <testcase name="service" time="0.017" classname="testcases.Counting"/>
  <testcase name="service" time="0.001" classname="testcases.Counting"/>
  <testcase name="service" time="8.530" classname="testcases.Counting"/>
  <testcase name="service" time="3.989" classname="testcases.Counting"/>
  <testcase name="service" time="4.673" classname="testcases.Counting"/>
  <testcase name="service" time="4.342" classname="testcases.Counting"/>
  <testcase name="service" time="4.483" classname="testcases.Counting"/>
  <testcase name="service" time="0.001" classname="testcases.Counting"/>
  <testcase name="service" time="8.499" classname="testcases.Counting"/>
  <testcase name="service" time="4.481" classname="testcases.Counting"/>
  <testcase name="service" time="0.001" classname="testcases.Counting"/>
  <testcase name="service" time="0.000" classname="testcases.Counting"/>
  <testcase name="service" time="2.100" classname="testcases.Counting"/>
  <testcase name="service" time="2.871" classname="testcases.Counting"/>
  <testcase name="service" time="3.372" classname="testcases.Counting"/>
  <testcase name="service" time="5.222" classname="testcases.Counting"/>
  <testcase name="service" time="1.765" classname="testcases.Counting"/>
  <testcase name="service" time="7.393" classname="testcases.Counting"/>
  <testcase name="service" time="0.273" classname="testcases.Counting"/>
  <testcase name="service" time="0.273" classname="testcases.Counting"/>
  <testcase name="service" time="0.000" classname="testcases.Counting"/>
  <testcase name="service" time="4.285" classname="testcases.Counting"/>
  <testcase name="service" time="5.467" classname="testcases.Counting"/>
  <testcase name="service" time="5.831" classname="testcases.Counting"/>
  <testcase name="service" time="4.322" classname="testcases.Counting"/>
  <testcase name="service" time="4.790" classname="testcases.Counting"/>
  <testcase name="service" time="1.927" classname="testcases.Counting"/>
  <testcase name="service" time="0.000" classname="testcases.Counting"/>
  <testcase name="service" time="4.448" classname="testcases.Counting"/>
  <testcase name="service" time="0.000" classname="testcases.Counting"/>
  <testcase name="service" time="4.470" classname="testcases.Counting"/>
  <testcase name="service" time="0.001" classname="testcases.Counting"/>
  <testcase name="service" time="3.458" classname="testcases.Counting"/>
  <testcase name="service" time="7.409" classname="testcases.Counting"/>
  <testcase name="service" time="2.644" classname="testcases.Counting"/>
  <testcase name="service" time="4.280" classname="testcases.Counting"/>
  <testcase name="service" time="0.993" classname="testcases.Counting"/>
  <testcase name="service" time="4.899" classname="testcases.Counting"/>
  <testcase name="service" time="1.519" classname="testcases.Counting"/>
  <testcase name="service" time="0.000" classname="testcases.Counting"/>
  <testcase name="service" time="3.783" classname="testcases.Counting"/>
  <testcase name="service" time="1.371" classname="testcases.Counting"/>
  <testcase name="service" time="2.250" classname="testcases.Counting"/>
  <testcase name="service" time="2.421" classname="testcases.Counting"/>
  <testcase name="service" time="4.051" classname="testcases.Counting"/>
  <testcase name="service" time="8.296" classname="testcases.Counting"/>
  <testcase name="service" time="0.479" classname="testcases.Counting"/>
  <testcase name="service" time="2.406" classname="testcases.Counting"/>
  <testcase name="service" time="8.364" classname="testcases.Counting"/>
  <testcase name="service" time="2.557" classname="testcases.Counting"/>
  <testcase name="service" time="0.000" classname="testcases.Counting"/>
  <testcase name="service" time="0.000" classname="testcases.Counting"/>
  <testcase name="service" time="3.169" classname="testcases.Counting"/>
  <testcase name="service" time="0.001" classname="testcases.Counting"/>
  <testcase name="service" time="4.003" classname="testcases.Counting"/>
  <testcase name="service" time="0.000" classname="testcases.Counting"/>
  <testcase name="service" time="0.006" classname="testcases.Counting"/>
  <testcase name="service" time="7.447" classname="testcases.Counting"/>
  <testcase name="service" time="4.337" classname="testcases.Counting"/>
  <testcase name="service" time="3.605" classname="testcases.Counting"/>
  <testcase name="service" time="0.000" classname="testcases.Counting"/>
  <testcase name="service" time="5.436" classname="testcases.Counting"/>
  <testcase name="service" time="0.001" classname="testcases.Counting"/>
  <testcase name="service" time="0.000" classname="testcases.Counting"/>
  <testcase name="service" time="4.185" classname="testcases.Counting"/>
  <testcase name="service" time="2.710" classname="testcases.Counting"/>
  <testcase name="service" time="2.355" classname="testcases.Counting"/>
  <testcase name="service" time="0.000" classname="testcases.Counting"/>
  <testcase name="service" time="2.161" classname="testcases.Counting"/>
  <testcase name="service" time="2.720" classname="testcases.Counting"/>
  <testcase name="service" time="4.349" classname="testcases.Counting"/>
  <testcase name="service" time="4.884" classname="testcases.Counting"/>
  <testcase name="service" time="5.504" classname="testcases.Counting"/>
  <testcase name="service" time="0.000" classname="testcases.Counting"/>
  <testcase name="service" time="7.406" classname="testcases.Counting"/>
  <testcase name="service" time="0.001" classname="testcases.Counting"/>
  <testcase name="service" time="0.119" classname="testcases.Counting"/>
  <testcase name="service" time="0.000" classname="testcases.Counting"/>
  <testcase name="service" time="8.292" classname="testcases.Counting"/>
  <testcase name="service" time="0.001" classname="testcases.Counting"/>
  <testcase name="service" time="0.534" classname="testcases.Counting"/>
  <testcase name="service" time="2.076" classname="testcases.Counting"/>
  <testcase name="service" time="3.765" classname="testcases.Counting"/>
  <testcase name="service" time="2.586" classname="testcases.Counting"/>
  <testcase name="service" time="0.249" classname="testcases.Counting"/>
  <testcase name="service" time="1.374" classname="testcases.Counting"/>
  <testcase name="service" time="0.006" classname="testcases.Counting"/>
  <testcase name="service" time="0.000" classname="testcases.Counting"/>
  <testcase name="service" time="2.301" classname="testcases.Counting"/>
  <testcase name="service" time="1.428" classname="testcases.Counting"/>
  <testcase name="service" time="5.425" classname="testcases.Counting"/>
  <testcase name="service" time="2.648" classname="testcases.Counting"/>
  <testcase name="service" time="2.174" classname="testcases.Counting"/>
  <testcase name="service" time="8.095" classname="testcases.Counting"/>
  <testcase name="service" time="0.000" classname="testcases.Counting"/>
  <testcase name="service" time="0.000" classname="testcases.Counting"/>
  <testcase name="service" time="1.962" classname="testcases.Counting"/>
  <testcase name="service" time="0.002" classname="testcases.Counting"/>
  <testcase name="service" time="0.000" classname="testcases.Counting"/>
  <testcase name="service" time="2.992" classname="testcases.Counting"/>
  <testcase name="service" time="0.000" classname="testcases.Counting"/>
  <testcase name="service" time="5.852" classname="testcases.Counting"/>
  <testcase name="service" time="2.567" classname="testcases.Counting"/>
  <testcase name="service" time="4.443" classname="testcases.Counting"/>
  <testcase name="service" time="4.317" classname="testcases.Counting"/>
  <testcase name="service" time="0.000" classname="testcases.Counting"/>
  <testcase name="service" time="4.980" classname="testcases.Counting"/>
  <testcase name="service" time="5.240" classname="testcases.Counting"/>
  <testcase name="service" time="7.620" classname="testcases.Counting"/>
  <testcase name="service" time="0.001" classname="testcases.Counting"/>
  <testcase name="service" time="7.158" classname="testcases.Counting"/>
  <testcase name="service" time="0.000" classname="testcases.Counting"/>
  <testcase name="service" time="0.000" classname="testcases.Counting"/>
  <testcase name="service" time="0.001" classname="testcases.Counting"/>
  <testcase name="service" time="1.713" classname="testcases.Counting"/>
  <testcase name="service" time="2.619" classname="testcases.Counting"/>
  <testcase name="service" time="0.002" classname="testcases.Counting"/>
  <testcase name="service" time="2.053" classname="testcases.Counting"/>
  <testcase name="service" time="2.030" classname="testcases.Counting"/>
  <testcase name="service" time="0.000" classname="testcases.Counting"/>
  <testcase name="service" time="0.502" classname="testcases.Counting"/>
  <testcase name="service" time="3.276" classname="testcases.Counting"/>
  <testcase name="service" time="4.539" classname="testcases.Counting"/>
  <testcase name="service" time="0.007" classname="testcases.Counting"/>
  <testcase name="service" time="0.001" classname="testcases.Counting"/>
  <testcase name="service" time="8.212" classname="testcases.Counting"/>
  <testcase name="service" time="0.000" classname="testcases.Counting"/>
  <testcase name="service" time="0.001" classname="testcases.Counting"/>
  <testcase name="service" time="0.000" classname="testcases.Counting"/>
  <testcase name="service" time="2.708" classname="testcases.Counting"/>
  <testcase name="service" time="3.459" classname="testcases.Counting"/>
  <testcase name="service" time="1.927" classname="testcases.Counting"/>
  <testcase name="service" time="5.927" classname="testcases.Counting"/>
  <testcase name="service" time="0.000" classname="testcases.Counting"/>
  <testcase name="service" time="3.310" classname="testcases.Counting"/>
  <testcase name="service" time="0.000" classname="testcases.Counting"/>
  <testcase name="service" time="7.796" classname="testcases.Counting"/>
  <testcase name="service" time="0.000" classname="testcases.Counting"/>
  <testcase name="service" time="2.364" classname="testcases.Counting"/>
  <testcase name="service" time="5.568" classname="testcases.Counting"/>
  <testcase name="service" time="0.000" classname="testcases.Counting"/>
  <testcase name="service" time="3.362" classname="testcases.Counting"/>
  <testcase name="service" time="0.000" classname="testcases.Counting"/>
  <testcase name="service" time="3.925" classname="testcases.Counting"/>
  <testcase name="service" time="0.001" classname="testcases.Counting"/>
  <testcase name="service" time="3.284" classname="testcases.Counting"/>
  <testcase name="service" time="4.172" classname="testcases.Counting"/>
  <testcase name="service" time="0.001" classname="testcases.Counting"/>
  <testcase name="service" time="0.000" classname="testcases.Counting"/>
  <testcase name="service" time="5.885" classname="testcases.Counting"/>
  <testcase name="service" time="5.445" classname="testcases.Counting"/>
  <testcase name="service" time="5.557" classname="testcases.Counting"/>
  <testcase name="service" time="0.000" classname="testcases.Counting"/>
  <testcase name="service" time="3.289" classname="testcases.Counting"/>
  <testcase name="service" time="1.796" classname="testcases.Counting"/>
  <testcase name="service" time="2.145" classname="testcases.Counting"/>
  <testcase name="service" time="4.322" classname="testcases.Counting"/>
  <testcase name="service" time="0.001" classname="testcases.Counting"/>
  <testcase name="service" time="4.044" classname="testcases.Counting"/>
  <testcase name="service" time="3.078" classname="testcases.Counting"/>
  <testcase name="service" time="4.942" classname="testcases.Counting"/>
  <testcase name="service" time="8.346" classname="testcases.Counting"/>
  <testcase name="service" time="2.115" classname="testcases.Counting"/>
  <testcase name="service" time="0.000" classname="testcases.Counting"/>
  <testcase name="service" time="0.001" classname="testcases.Counting"/>
  <testcase name="service" time="2.331" classname="testcases.Counting"/>
  <testcase name="service" time="5.226" classname="testcases.Counting"/>
  <testcase name="service" time="0.001" classname="testcases.Counting"/>
  <testcase name="service" time="0.001" classname="testcases.Counting"/>
  <testcase name="service" time="0.000" classname="testcases.Counting"/>
  <testcase name="service" time="0.001" classname="testcases.Counting"/>
  <testcase name="service" time="2.766" classname="testcases.Counting"/>
  <testcase name="service" time="0.002" classname="testcases.Counting"/>
  <testcase name="service" time="7.418" classname="testcases.Counting"/>
  <testcase name="service" time="1.298" classname="testcases.Counting"/>
  <testcase name="service" time="4.981" classname="testcases.Counting"/>
  <testcase name="service" time="0.000" classname="testcases.Counting"/>
  <testcase name="service" time="4.727" classname="testcases.Counting"/>
  <testcase name="service" time="0.000" classname="testcases.Counting"/>
  <testcase name="service" time="0.001" classname="testcases.Counting"/>
  <testcase name="service" time="0.000" classname="testcases.Counting"/>
  <testcase name="service" time="0.001" classname="testcases.Counting"/>
  <testcase name="service" time="7.630" classname="testcases.Counting"/>
  <testcase name="service" time="0.001" classname="testcases.Counting"/>
  <testcase name="service" time="1.757" classname="testcases.Counting"/>
  <testcase name="service" time="8.373" classname="testcases.Counting"/>
  <testcase name="service" time="5.241" classname="testcases.Counting"/>
  <testcase name="service" time="2.185" classname="testcases.Counting"/>
  <testcase name="service" time="5.348" classname="testcases.Counting"/>
  <testcase name="service" time="6.133" classname="testcases.Counting"/>
  <testcase name="service" time="3.236" classname="testcases.Counting"/>
  <testcase name="service" time="3.303" classname="testcases.Counting"/>
  <testcase name="service" time="0.000" classname="testcases.Counting"/>
  <testcase name="service" time="0.000" classname="testcases.Counting"/>
  <testcase name="service" time="0.766" classname="testcases.Counting"/>
  <testcase name="service" time="0.001" classname="testcases.Counting"/>
  <testcase name="service" time="4.548" classname="testcases.Counting"/>
  <testcase name="service" time="0.001" classname="testcases.Counting"/>
  <testcase name="service" time="8.355" classname="testcases.Counting"/>
  <testcase name="service" time="2.710" classname="testcases.Counting"/>
  <testcase name="service" time="7.428" classname="testcases.Counting"/>
  <testcase name="service" time="0.000" classname="testcases.Counting"/>
  <testcase name="service" time="0.004" classname="testcases.Counting"/>
  <testcase name="service" time="0.005" classname="testcases.Counting"/>
  <testcase name="service" time="3.915" classname="testcases.Counting"/>
  <testcase name="service" time="3.022" classname="testcases.Counting"/>
  <testcase name="service" time="0.000" classname="testcases.Counting"/>
  <testcase name="service" time="2.141" classname="testcases.Counting"/>
  <testcase name="service" time="0.000" classname="testcases.Counting"/>
  <testcase name="service" time="3.074" classname="testcases.Counting"/>
  <testcase name="service" time="7.278" classname="testcases.Counting"/>
  <testcase name="service" time="8.239" classname="testcases.Counting"/>
  <testcase name="service" time="5.171" classname="testcases.Counting"/>
  <testcase name="service" time="2.722" classname="testcases.Counting"/>
  <testcase name="service" time="0.000" classname="testcases.Counting"/>
  <testcase name="service" time="0.220" classname="testcases.Counting"/>
  <testcase name="service" time="8.610" classname="testcases.Counting"/>
  <testcase name="service" time="0.001" classname="testcases.Counting"/>
  <testcase name="service" time="5.186" classname="testcases.Counting"/>
  <testcase name="service" time="0.002" classname="testcases.Counting"/>
  <testcase name="service" time="0.000" classname="testcases.Counting"/>
  <testcase name="service" time="7.400" classname="testcases.Counting"/>
  <testcase name="service" time="0.000" classname="testcases.Counting"/>
  <testcase name="service" time="0.001" classname="testcases.Counting"/>
  <testcase name="service" time="0.001" classname="testcases.Counting"/>
  <testcase name="service" time="5.403" classname="testcases.Counting"/>
  <testcase name="service" time="8.064" classname="testcases.Counting"/>
  <testcase name="service" time="3.278" classname="testcases.Counting"/>
  <testcase name="service" time="0.000" classname="testcases.Counting"/>
  <testcase name="service" time="5.508" classname="testcases.Counting"/>
  <testcase name="service" time="8.358" classname="testcases.Counting"/>
  <testcase name="service" time="0.054" classname="testcases.Counting"/>
  <testcase name="service" time="3.036" classname="testcases.Counting"/>
  <testcase name="service" time="0.000" classname="testcases.Counting"/>
  <testcase name="service" time="0.500" classname="testcases.Counting"/>
  <testcase name="service" time="1.277" classname="testcases.Counting"/>
  <testcase name="service" time="5.280" classname="testcases.Counting"/>
  <testcase name="service" time="5.404" classname="testcases.Counting"/>
  <testcase name="service" time="7.373" classname="testcases.Counting"/>
  <testcase name="service" time="3.773" classname="testcases.Counting"/>
  <testcase name="service" time="0.001" classname="testcases.Counting"/>
  <testcase name="service" time="5.271" classname="testcases.Counting"/>
  <testcase name="service" time="2.470" classname="testcases.Counting"/>
  <testcase name="service" time="7.704" classname="testcases.Counting"/>
  <testcase name="service" time="0.000" classname="testcases.Counting"/>
  <testcase name="service" time="8.327" classname="testcases.Counting"/>
  <testcase name="service" time="1.296" classname="testcases.Counting"/>
  <testcase name="service" time="0.001" classname="testcases.Counting"/>
  <testcase name="service" time="0.001" classname="testcases.Counting"/>
  <testcase name="service" time="1.774" classname="testcases.Counting"/>
  <testcase name="service" time="7.881" classname="testcases.Counting"/>
  <testcase name="service" time="3.699" classname="testcases.Counting"/>
  <testcase name="service" time="0.000" classname="testcases.Counting"/>
  <testcase name="service" time="0.001" classname="testcases.Counting"/>
  <testcase name="service" time="3.313" classname="testcases.Counting"/>
  <testcase name="service" time="7.630" classname="testcases.Counting"/>
  <testcase name="service" time="2.175" classname="testcases.Counting"/>
  <testcase name="service" time="1.920" classname="testcases.Counting"/>
  <testcase name="service" time="4.328" classname="testcases.Counting"/>
  <testcase name="service" time="0.001" classname="testcases.Counting"/>
  <testcase name="service" time="3.315" classname="testcases.Counting"/>
  <testcase name="service" time="5.871" classname="testcases.Counting"/>
  <testcase name="service" time="2.125" classname="testcases.Counting"/>
  <testcase name="service" time="5.440" classname="testcases.Counting"/>
  <testcase name="service" time="2.679" classname="testcases.Counting"/>
  <testcase name="service" time="0.070" classname="testcases.Counting"/>
  <testcase name="service" time="0.000" classname="testcases.Counting"/>
  <testcase name="service" time="2.237" classname="testcases.Counting"/>
  <testcase name="service" time="3.147" classname="testcases.Counting"/>
  <testcase name="service" time="0.001" classname="testcases.Counting"/>
  <testcase name="service" time="0.376" classname="testcases.Counting"/>
  <testcase name="service" time="2.238" classname="testcases.Counting"/>
  <testcase name="service" time="8.290" classname="testcases.Counting"/>
  <testcase name="service" time="1.173" classname="testcases.Counting"/>
  <testcase name="service" time="3.198" classname="testcases.Counting"/>
  <testcase name="service" time="4.484" classname="testcases.Counting"/>
  <testcase name="service" time="2.433" classname="testcases.Counting"/>
  <testcase name="service" time="1.764" classname="testcases.Counting"/>
  <testcase name="service" time="0.000" classname="testcases.Counting"/>
  <testcase name="service" time="7.832" classname="testcases.Counting"/>
  <testcase name="service" time="1.842" classname="testcases.Counting"/>
  <testcase name="service" time="0.712" classname="testcases.Counting"/>
  <testcase name="service" time="4.444" classname="testcases.Counting"/>
  <testcase name="service" time="3.217" classname="testcases.Counting"/>
  <testcase name="service" time="4.060" classname="testcases.Counting"/>
  <testcase name="service" time="8.243" classname="testcases.Counting"/>
  <testcase name="service" time="2.106" classname="testcases.Counting"/>
  <testcase name="service" time="0.000" classname="testcases.Counting"/>
  <testcase name="service" time="1.764" classname="testcases.Counting"/>
  <testcase name="service" time="3.566" classname="testcases.Counting"/>
  <testcase name="service" time="3.951" classname="testcases.Counting"/>
  <testcase name="service" time="4.614" classname="testcases.Counting"/>
  <testcase name="service" time="8.241" classname="testcases.Counting"/>
  <testcase name="service" time="0.000" classname="testcases.Counting"/>
  <testcase name="service" time="0.000" classname="testcases.Counting"/>
  <testcase name="service" time="0.007" classname="testcases.Counting"/>
  <testcase name="service" time="0.003" classname="testcases.Counting"/>
  <testcase name="service" time="8.212" classname="testcases.Counting"/>
  <testcase name="service" time="0.001" classname="testcases.Counting"/>
  <testcase name="service" time="4.355" classname="testcases.Counting"/>
  <testcase name="service" time="7.429" classname="testcases.Counting"/>
  <testcase name="service" time="0.001" classname="testcases.Counting"/>
  <testcase name="service" time="8.325" classname="testcases.Counting"/>
  <testcase name="service" time="8.219" classname="testcases.Counting"/>
  <testcase name="service" time="6.116" classname="testcases.Counting"/>
  <testcase name="service" time="3.355" classname="testcases.Counting"/>
  <testcase name="service" time="4.477" classname="testcases.Counting"/>
  <testcase name="service" time="5.369" classname="testcases.Counting"/>
  <testcase name="service" time="0.000" classname="testcases.Counting"/>
  <testcase name="service" time="0.001" classname="testcases.Counting"/>
  <testcase name="service" time="0.001" classname="testcases.Counting"/>
  <testcase name="service" time="1.250" classname="testcases.Counting"/>
  <testcase name="service" time="7.619" classname="testcases.Counting"/>
  <testcase name="service" time="2.658" classname="testcases.Counting"/>
  <testcase name="service" time="3.603" classname="testcases.Counting"/>
  <testcase name="service" time="8.439" classname="testcases.Counting"/>
  <testcase name="service" time="0.002" classname="testcases.Counting"/>
  <testcase name="service" time="2.372" classname="testcases.Counting"/>
  <testcase name="service" time="0.001" classname="testcases.Counting"/>
  <testcase name="service" time="2.246" classname="testcases.Counting"/>
  <testcase name="service" time="0.008" classname="testcases.Counting"/>
  <testcase name="service" time="4.494" classname="testcases.Counting"/>
  <testcase name="service" time="7.813" classname="testcases.Counting"/>
  <testcase name="service" time="4.527" classname="testcases.Counting"/>
  <testcase name="service" time="3.953" classname="testcases.Counting"/>
  <testcase name="service" time="2.380" classname="testcases.Counting"/>
  <testcase name="service" time="0.001" classname="testcases.Counting"/>
  <testcase name="service" time="0.000" classname="testcases.Counting"/>
  <testcase name="service" time="0.001" classname="testcases.Counting"/>
  <testcase name="service" time="2.564" classname="testcases.Counting"/>
  <testcase name="service" time="5.240" classname="testcases.Counting"/>
  <testcase name="service" time="5.179" classname="testcases.Counting"/>
  <testcase name="service" time="3.188" classname="testcases.Counting"/>
  <testcase name="service" time="5.335" classname="testcases.Counting"/>
  <testcase name="service" time="8.204" classname="testcases.Counting"/>
  <testcase name="service" time="2.471" classname="testcases.Counting"/>
  <testcase name="service" time="0.461" classname="testcases.Counting"/>
  <testcase name="service" time="3.947" classname="testcases.Counting"/>
  <testcase name="service" time="0.022" classname="testcases.Counting"/>
  <testcase name="service" time="2.037" classname="testcases.Counting"/>
  <testcase name="service" time="0.000" classname="testcases.Counting"/>
  <testcase name="service" time="2.330" classname="testcases.Counting"/>
  <testcase name="service" time="1.457" classname="testcases.Counting"/>
  <testcase name="service" time="0.000" classname="testcases.Counting"/>
  <testcase name="service" time="3.351" classname="testcases.Counting"/>
  <testcase name="service" time="0.000" classname="testcases.Counting"/>
  <testcase name="service" time="0.001" classname="testcases.Counting"/>
  <testcase name="service" time="8.362" classname="testcases.Counting"/>
  <testcase name="service" time="5.284" classname="testcases.Counting"/>
  <testcase name="service" time="1.608" classname="testcases.Counting"/>
  <testcase name="service" time="5.547" classname="testcases.Counting"/>
  <testcase name="service" time="0.001" classname="testcases.Counting"/>
  <testcase name="service" time="8.430" classname="testcases.Counting"/>
  <testcase name="service" time="0.000" classname="testcases.Counting"/>
  <testcase name="service" time="3.362" classname="testcases.Counting"/>
  <testcase name="service" time="2.308" classname="testcases.Counting"/>
  <testcase name="service" time="0.000" classname="testcases.Counting"/>
  <testcase name="service" time="0.000" classname="testcases.Counting"/>
  <testcase name="service" time="2.268" classname="testcases.Counting"/>
  <testcase name="service" time="1.280" classname="testcases.Counting"/>
  <testcase name="service" time="3.662" classname="testcases.Counting"/>
  <testcase name="service" time="2.308" classname="testcases.Counting"/>
  <testcase name="service" time="5.278" classname="testcases.Counting"/>
  <testcase name="service" time="2.506" classname="testcases.Counting"/>
  <testcase name="service" time="2.456" classname="testcases.Counting"/>
  <testcase name="service" time="3.521" classname="testcases.Counting"/>
  <testcase name="service" time="2.977" classname="testcases.Counting"/>
  <testcase name="service" time="3.013" classname="testcases.Counting"/>
  <testcase name="service" time="3.012" classname="testcases.Counting"/>
  <testcase name="service" time="8.351" classname="testcases.Counting"/>
  <testcase name="service" time="3.876" classname="testcases.Counting"/>
  <testcase name="service" time="0.134" classname="testcases.Counting"/>
  <testcase name="service" time="5.531" classname="testcases.Counting"/>
  <testcase name="service" time="0.110" classname="testcases.Counting"/>
  <testcase name="service" time="1.829" classname="testcases.Counting"/>
  <testcase name="service" time="2.069" classname="testcases.Counting"/>
  <testcase name="service" time="3.106" classname="testcases.Counting"/>
  <testcase name="service" time="1.129" classname="testcases.Counting"/>
  <testcase name="service" time="0.001" classname="testcases.Counting"/>
  <testcase name="service" time="7.511" classname="testcases.Counting"/>
  <testcase name="service" time="1.194" classname="testcases.Counting"/>
  <testcase name="service" time="0.000" classname="testcases.Counting"/>
  <testcase name="service" time="0.001" classname="testcases.Counting"/>
  <testcase name="service" time="3.074" classname="testcases.Counting"/>
  <testcase name="service" time="0.000" classname="testcases.Counting"/>
  <testcase name="service" time="8.045" classname="testcases.Counting"/>
  <testcase name="service" time="0.000" classname="testcases.Counting"/>
  <testcase name="service" time="0.008" classname="testcases.Counting"/>
  <testcase name="service" time="0.011" classname="testcases.Counting"/>
  <testcase name="service" time="5.680" classname="testcases.Counting"/>
  <testcase name="service" time="0.000" classname="testcases.Counting"/>
  <testcase name="service" time="1.799" classname="testcases.Counting"/>
  <testcase name="service" time="0.000" classname="testcases.Counting"/>
  <testcase name="service" time="0.000" classname="testcases.Counting"/>
  <testcase name="service" time="1.041" classname="testcases.Counting"/>
  <testcase name="service" time="0.003" classname="testcases.Counting"/>
  <testcase name="service" time="0.001" classname="testcases.Counting"/>
  <testcase name="service" time="2.179" classname="testcases.Counting"/>
  <testcase name="service" time="1.198" classname="testcases.Counting"/>
  <testcase name="service" time="5.452" classname="testcases.Counting"/>
  <testcase name="service" time="0.079" classname="testcases.Counting"/>
  <testcase name="service" time="5.272" classname="testcases.Counting"/>
  <testcase name="service" time="5.187" classname="testcases.Counting"/>
  <testcase name="service" time="0.000" classname="testcases.Counting"/>
  <testcase name="service" time="5.282" classname="testcases.Counting"/>
  <testcase name="service" time="0.235" classname="testcases.Counting"/>
  <testcase name="service" time="7.433" classname="testcases.Counting"/>
  <testcase name="service" time="2.976" classname="testcases.Counting"/>
  <testcase name="service" time="0.001" classname="testcases.Counting"/>
  <testcase name="service" time="0.020" classname="testcases.Counting"/>
  <testcase name="service" time="8.558" classname="testcases.Counting"/>
  <testcase name="service" time="7.436" classname="testcases.Counting"/>
  <testcase name="service" time="2.415" classname="testcases.Counting"/>
  <testcase name="service" time="8.040" classname="testcases.Counting"/>
  <testcase name="service" time="5.321" classname="testcases.Counting"/>
  <testcase name="service" time="8.094" classname="testcases.Counting"/>
  <testcase name="service" time="0.008" classname="testcases.Counting"/>
  <testcase name="service" time="0.001" classname="testcases.Counting"/>
  <testcase name="service" time="5.189" classname="testcases.Counting"/>
  <testcase name="service" time="3.609" classname="testcases.Counting"/>
  <testcase name="service" time="4.285" classname="testcases.Counting"/>
  <testcase name="service" time="1.105" classname="testcases.Counting"/>
  <testcase name="service" time="0.000" classname="testcases.Counting"/>
  <testcase name="service" time="0.005" classname="testcases.Counting"/>
  <testcase name="service" time="8.295" classname="testcases.Counting"/>
  <testcase name="service" time="0.000" classname="testcases.Counting"/>
  <testcase name="service" time="4.016" classname="testcases.Counting"/>
  <testcase name="service" time="7.324" classname="testcases.Counting"/>
  <testcase name="service" time="2.331" classname="testcases.Counting"/>
  <testcase name="service" time="7.795" classname="testcases.Counting"/>
  <testcase name="service" time="0.000" classname="testcases.Counting"/>
  <testcase name="service" time="3.236" classname="testcases.Counting"/>
  <testcase name="service" time="3.130" classname="testcases.Counting"/>
  <testcase name="service" time="0.001" classname="testcases.Counting"/>
  <testcase name="service" time="0.991" classname="testcases.Counting"/>
  <testcase name="service" time="5.202" classname="testcases.Counting"/>
  <testcase name="service" time="0.001" classname="testcases.Counting"/>
  <testcase name="service" time="2.077" classname="testcases.Counting"/>
  <testcase name="service" time="5.165" classname="testcases.Counting"/>
  <testcase name="service" time="2.621" classname="testcases.Counting"/>
  <testcase name="service" time="1.688" classname="testcases.Counting"/>
  <testcase name="service" time="3.570" classname="testcases.Counting"/>
  <testcase name="service" time="7.358" classname="testcases.Counting"/>
  <testcase name="service" time="8.438" classname="testcases.Counting"/>
  <testcase name="service" time="0.000" classname="testcases.Counting"/>
  <testcase name="service" time="2.430" classname="testcases.Counting"/>
  <testcase name="service" time="2.768" classname="testcases.Counting"/>
  <testcase name="service" time="0.000" classname="testcases.Counting"/>
  <testcase name="service" time="5.676" classname="testcases.Counting"/>
  <testcase name="service" time="1.340" classname="testcases.Counting"/>
  <testcase name="service" time="0.006" classname="testcases.Counting"/>
  <testcase name="service" time="0.001" classname="testcases.Counting"/>
  <testcase name="service" time="1.796" classname="testcases.Counting"/>
  <testcase name="service" time="4.445" classname="testcases.Counting"/>
  <testcase name="service" time="8.077" classname="testcases.Counting"/>
  <testcase name="service" time="0.002" classname="testcases.Counting"/>
  <testcase name="service" time="0.000" classname="testcases.Counting"/>
  <testcase name="service" time="8.300" classname="testcases.Counting"/>
  <testcase name="service" time="0.001" classname="testcases.Counting"/>
  <testcase name="service" time="5.216" classname="testcases.Counting"/>
  <testcase name="service" time="1.778" classname="testcases.Counting"/>
  <testcase name="service" time="0.001" classname="testcases.Counting"/>
  <testcase name="service" time="2.057" classname="testcases.Counting"/>
  <testcase name="service" time="3.278" classname="testcases.Counting"/>
  <testcase name="service" time="7.431" classname="testcases.Counting"/>
  <testcase name="service" time="0.001" classname="testcases.Counting"/>
  <testcase name="service" time="5.538" classname="testcases.Counting"/>
  <testcase name="service" time="0.005" classname="testcases.Counting"/>
  <testcase name="service" time="0.001" classname="testcases.Counting"/>
  <testcase name="service" time="0.000" classname="testcases.Counting"/>
  <testcase name="service" time="2.177" classname="testcases.Counting"/>
  <testcase name="service" time="0.009" classname="testcases.Counting"/>
  <testcase name="service" time="5.437" classname="testcases.Counting"/>
  <testcase name="service" time="2.093" classname="testcases.Counting"/>
  <testcase name="service" time="0.006" classname="testcases.Counting"/>
  <testcase name="service" time="1.076" classname="testcases.Counting"/>
  <testcase name="service" time="0.001" classname="testcases.Counting"/>
  <testcase name="service" time="0.002" classname="testcases.Counting"/>
  <testcase name="service" time="5.452" classname="testcases.Counting"/>
  <testcase name="service" time="7.394" classname="testcases.Counting"/>
  <testcase name="service" time="0.000" classname="testcases.Counting"/>
  <testcase name="service" time="7.695" classname="testcases.Counting"/>
  <testcase name="service" time="2.758" classname="testcases.Counting"/>
  <testcase name="service" time="0.281" classname="testcases.Counting"/>
[...]
  <testcase name="service" time="3.252" classname="testcases.Counting"/>
  <testcase name="service" time="0.001" classname="testcases.Counting"/>
  <testcase name="service" time="0.000" classname="testcases.Counting"/>
  <testcase name="service" time="0.001" classname="testcases.Counting"/>
  <testcase name="service" time="3.171" classname="testcases.Counting"/>
  <testcase name="service" time="0.000" classname="testcases.Counting"/>
  <testcase name="service" time="7.634" classname="testcases.Counting"/>
  <testcase name="service" time="2.747" classname="testcases.Counting"/>
  <testcase name="service" time="5.284" classname="testcases.Counting"/>
  <testcase name="service" time="0.000" classname="testcases.Counting"/>
  <testcase name="service" time="0.001" classname="testcases.Counting"/>
  <testcase name="service" time="4.463" classname="testcases.Counting"/>
  <testcase name="service" time="2.608" classname="testcases.Counting"/>
  <testcase name="service" time="2.026" classname="testcases.Counting"/>
  <testcase name="service" time="2.387" classname="testcases.Counting"/>
  <testcase name="service" time="1.298" classname="testcases.Counting"/>
  <testcase name="service" time="1.056" classname="testcases.Counting"/>
  <testcase name="service" time="0.107" classname="testcases.Counting"/>
  <testcase name="service" time="0.001" classname="testcases.Counting"/>
  <testcase name="service" time="0.000" classname="testcases.Counting"/>
  <testcase name="service" time="5.332" classname="testcases.Counting"/>
  <testcase name="service" time="7.373" classname="testcases.Counting"/>
  <testcase name="service" time="0.003" classname="testcases.Counting"/>
  <testcase name="service" time="4.366" classname="testcases.Counting"/>
  <testcase name="service" time="0.000" classname="testcases.Counting"/>
  <testcase name="service" time="0.000" classname="testcases.Counting"/>
  <testcase name="service" time="5.178" classname="testcases.Counting"/>
  <testcase name="service" time="2.674" classname="testcases.Counting"/>
  <testcase name="service" time="7.435" classname="testcases.Counting"/>
  <testcase name="service" time="5.212" classname="testcases.Counting"/>
  <testcase name="service" time="3.612" classname="testcases.Counting"/>
  <testcase name="service" time="0.000" classname="testcases.Counting"/>
  <testcase name="service" time="7.420" classname="testcases.Counting"/>
  <testcase name="service" time="0.000" classname="testcases.Counting"/>
  <testcase name="service" time="8.439" classname="testcases.Counting"/>
  <testcase name="service" time="0.000" classname="testcases.Counting"/>
  <testcase name="service" time="0.000" classname="testcases.Counting"/>
  <testcase name="service" time="0.000" classname="testcases.Counting"/>
  <testcase name="service" time="3.427" classname="testcases.Counting"/>
  <testcase name="service" time="5.357" classname="testcases.Counting"/>
  <testcase name="service" time="0.000" classname="testcases.Counting"/>
  <testcase name="service" time="0.000" classname="testcases.Counting"/>
  <testcase name="service" time="0.000" classname="testcases.Counting"/>
  <testcase name="service" time="0.000" classname="testcases.Counting"/>
  <testcase name="service" time="8.540" classname="testcases.Counting"/>
  <testcase name="service" time="2.312" classname="testcases.Counting"/>
  <testcase name="service" time="0.001" classname="testcases.Counting"/>
  <testcase name="service" time="0.001" classname="testcases.Counting"/>
  <testcase name="service" time="0.000" classname="testcases.Counting"/>
  <testcase name="service" time="7.656" classname="testcases.Counting"/>
  <testcase name="service" time="8.614" classname="testcases.Counting"/>
  <testcase name="service" time="0.000" classname="testcases.Counting"/>
  <testcase name="service" time="3.373" classname="testcases.Counting"/>
  <testcase name="service" time="0.058" classname="testcases.Counting"/>
  <testcase name="service" time="0.001" classname="testcases.Counting"/>
  <testcase name="service" time="8.337" classname="testcases.Counting"/>
  <testcase name="service" time="0.002" classname="testcases.Counting"/>
  <testcase name="service" time="5.357" classname="testcases.Counting"/>
  <testcase name="service" time="7.797" classname="testcases.Counting"/>
  <testcase name="service" time="0.006" classname="testcases.Counting"/>
  <testcase name="service" time="4.355" classname="testcases.Counting"/>
  <testcase name="service" time="3.698" classname="testcases.Counting"/>
  <testcase name="service" time="1.305" classname="testcases.Counting"/>
  <testcase name="service" time="1.008" classname="testcases.Counting"/>
  <testcase name="service" time="1.622" classname="testcases.Counting"/>
  <testcase name="service" time="4.253" classname="testcases.Counting"/>
  <testcase name="service" time="1.965" classname="testcases.Counting"/>
  <testcase name="service" time="0.000" classname="testcases.Counting"/>
  <testcase name="service" time="1.928" classname="testcases.Counting"/>
  <testcase name="service" time="8.027" classname="testcases.Counting"/>
  <testcase name="service" time="0.002" classname="testcases.Counting"/>
  <testcase name="service" time="4.598" classname="testcases.Counting"/>
  <testcase name="service" time="0.000" classname="testcases.Counting"/>
  <testcase name="service" time="0.019" classname="testcases.Counting"/>
  <testcase name="service" time="4.759" classname="testcases.Counting"/>
  <testcase name="service" time="0.000" classname="testcases.Counting"/>
  <testcase name="service" time="0.001" classname="testcases.Counting"/>
  <testcase name="service" time="3.275" classname="testcases.Counting"/>
  <testcase name="service" time="0.002" classname="testcases.Counting"/>
  <testcase name="service" time="1.113" classname="testcases.Counting"/>
  <testcase name="service" time="0.980" classname="testcases.Counting"/>
  <testcase name="service" time="2.338" classname="testcases.Counting"/>
  <testcase name="service" time="0.000" classname="testcases.Counting"/>
  <testcase name="service" time="0.000" classname="testcases.Counting"/>
  <testcase name="service" time="2.650" classname="testcases.Counting"/>
  <testcase name="service" time="2.095" classname="testcases.Counting"/>
  <testcase name="service" time="0.001" classname="testcases.Counting"/>
  <testcase name="service" time="6.215" classname="testcases.Counting"/>
  <testcase name="service" time="1.788" classname="testcases.Counting"/>
  <testcase name="service" time="0.238" classname="testcases.Counting"/>
  <testcase name="service" time="3.968" classname="testcases.Counting"/>
  <testcase name="service" time="0.643" classname="testcases.Counting"/>
  <testcase name="service" time="1.774" classname="testcases.Counting"/>
  <testcase name="service" time="4.601" classname="testcases.Counting"/>
  <testcase name="service" time="0.001" classname="testcases.Counting"/>
  <testcase name="service" time="7.329" classname="testcases.Counting"/>
  <testcase name="service" time="0.001" classname="testcases.Counting"/>
  <testcase name="service" time="8.490" classname="testcases.Counting"/>
  <testcase name="service" time="7.433" classname="testcases.Counting"/>
  <testcase name="service" time="7.394" classname="testcases.Counting"/>
  <testcase name="service" time="0.001" classname="testcases.Counting"/>
  <testcase name="service" time="8.241" classname="testcases.Counting"/>
  <testcase name="service" time="4.666" classname="testcases.Counting"/>
  <testcase name="service" time="5.300" classname="testcases.Counting"/>
  <testcase name="service" time="5.555" classname="testcases.Counting"/>
  <testcase name="service" time="4.349" classname="testcases.Counting"/>
  <testcase name="service" time="7.363" classname="testcases.Counting"/>
  <testcase name="service" time="3.841" classname="testcases.Counting"/>
  <testcase name="service" time="0.000" classname="testcases.Counting"/>
  <testcase name="service" time="0.000" classname="testcases.Counting"/>
  <testcase name="service" time="0.002" classname="testcases.Counting"/>
  <testcase name="service" time="0.000" classname="testcases.Counting"/>
  <testcase name="service" time="3.930" classname="testcases.Counting"/>
  <testcase name="service" time="8.584" classname="testcases.Counting"/>
  <testcase name="service" time="0.000" classname="testcases.Counting"/>
  <testcase name="service" time="4.244" classname="testcases.Counting"/>
  <testcase name="service" time="2.808" classname="testcases.Counting"/>
  <testcase name="service" time="2.769" classname="testcases.Counting"/>
  <testcase name="service" time="0.001" classname="testcases.Counting"/>
  <testcase name="service" time="0.000" classname="testcases.Counting"/>
  <testcase name="service" time="4.602" classname="testcases.Counting"/>
  <testcase name="service" time="7.618" classname="testcases.Counting"/>
  <testcase name="service" time="2.646" classname="testcases.Counting"/>
  <testcase name="service" time="5.178" classname="testcases.Counting"/>
  <testcase name="service" time="0.642" classname="testcases.Counting"/>
  <testcase name="service" time="0.000" classname="testcases.Counting"/>
  <testcase name="service" time="4.349" classname="testcases.Counting"/>
  <testcase name="service" time="3.828" classname="testcases.Counting"/>
  <testcase name="service" time="4.725" classname="testcases.Counting"/>
  <testcase name="service" time="2.211" classname="testcases.Counting"/>
  <testcase name="service" time="0.000" classname="testcases.Counting"/>
  <testcase name="service" time="0.000" classname="testcases.Counting"/>
  <testcase name="service" time="0.001" classname="testcases.Counting"/>
  <testcase name="service" time="8.619" classname="testcases.Counting"/>
  <testcase name="service" time="7.373" classname="testcases.Counting"/>
  <testcase name="service" time="0.000" classname="testcases.Counting"/>
  <testcase name="service" time="0.583" classname="testcases.Counting"/>
  <testcase name="service" time="0.001" classname="testcases.Counting"/>
  <testcase name="service" time="5.240" classname="testcases.Counting"/>
  <testcase name="service" time="7.713" classname="testcases.Counting"/>
  <testcase name="service" time="3.312" classname="testcases.Counting"/>
  <testcase name="service" time="4.356" classname="testcases.Counting"/>
  <testcase name="service" time="0.000" classname="testcases.Counting"/>
  <testcase name="service" time="2.667" classname="testcases.Counting"/>
  <testcase name="service" time="1.281" classname="testcases.Counting"/>
  <testcase name="service" time="7.410" classname="testcases.Counting"/>
  <testcase name="service" time="7.423" classname="testcases.Counting"/>
  <testcase name="service" time="1.092" classname="testcases.Counting"/>
  <testcase name="service" time="3.199" classname="testcases.Counting"/>
  <testcase name="service" time="2.922" classname="testcases.Counting"/>
  <testcase name="service" time="8.104" classname="testcases.Counting"/>
  <testcase name="service" time="7.531" classname="testcases.Counting"/>
  <testcase name="service" time="0.001" classname="testcases.Counting"/>
  <testcase name="service" time="8.255" classname="testcases.Counting"/>
  <testcase name="service" time="7.317" classname="testcases.Counting"/>
  <testcase name="service" time="5.370" classname="testcases.Counting"/>
  <testcase name="service" time="7.458" classname="testcases.Counting"/>
  <testcase name="service" time="4.443" classname="testcases.Counting"/>
  <testcase name="service" time="4.535" classname="testcases.Counting"/>
  <testcase name="service" time="8.100" classname="testcases.Counting"/>
  <testcase name="service" time="0.023" classname="testcases.Counting"/>
  <testcase name="service" time="0.001" classname="testcases.Counting"/>
  <testcase name="service" time="7.419" classname="testcases.Counting"/>
  <testcase name="service" time="5.272" classname="testcases.Counting"/>
  <testcase name="service" time="0.005" classname="testcases.Counting"/>
  <testcase name="service" time="8.612" classname="testcases.Counting"/>
  <testcase name="service" time="0.000" classname="testcases.Counting"/>
  <testcase name="service" time="0.001" classname="testcases.Counting"/>
  <testcase name="service" time="0.000" classname="testcases.Counting"/>
  <testcase name="service" time="8.610" classname="testcases.Counting"/>
  <testcase name="service" time="0.793" classname="testcases.Counting"/>
  <testcase name="service" time="0.856" classname="testcases.Counting"/>
  <testcase name="service" time="8.121" classname="testcases.Counting"/>
  <testcase name="service" time="4.497" classname="testcases.Counting"/>
  <testcase name="service" time="8.269" classname="testcases.Counting"/>
  <testcase name="service" time="0.000" classname="testcases.Counting"/>
  <testcase name="service" time="4.541" classname="testcases.Counting"/>
  <testcase name="service" time="0.000" classname="testcases.Counting"/>
  <testcase name="service" time="2.722" classname="testcases.Counting"/>
  <testcase name="service" time="2.308" classname="testcases.Counting"/>
  <testcase name="service" time="0.500" classname="testcases.Counting"/>
  <testcase name="service" time="6.993" classname="testcases.Counting"/>
  <testcase name="service" time="0.504" classname="testcases.Counting"/>
  <testcase name="service" time="0.210" classname="testcases.Counting"/>
  <testcase name="service" time="4.642" classname="testcases.Counting"/>
  <testcase name="service" time="2.106" classname="testcases.Counting"/>
  <testcase name="service" time="6.527" classname="testcases.Counting"/>
  <testcase name="service" time="6.273" classname="testcases.Counting"/>
  <testcase name="service" time="0.031" classname="testcases.Counting"/>
  <testcase name="service" time="0.000" classname="testcases.Counting"/>
  <testcase name="service" time="0.005" classname="testcases.Counting"/>
  <testcase name="service" time="2.081" classname="testcases.Counting"/>
  <testcase name="service" time="2.420" classname="testcases.Counting"/>
  <testcase name="service" time="7.626" classname="testcases.Counting"/>
  <testcase name="service" time="4.626" classname="testcases.Counting"/>
  <testcase name="service" time="2.641" classname="testcases.Counting"/>
  <testcase name="service" time="3.613" classname="testcases.Counting"/>
  <testcase name="service" time="4.470" classname="testcases.Counting"/>
  <testcase name="service" time="8.274" classname="testcases.Counting"/>
  <testcase name="service" time="1.528" classname="testcases.Counting"/>
  <testcase name="service" time="2.176" classname="testcases.Counting"/>
  <testcase name="service" time="5.477" classname="testcases.Counting"/>
  <testcase name="service" time="0.376" classname="testcases.Counting"/>
  <testcase name="service" time="2.822" classname="testcases.Counting"/>
  <testcase name="service" time="0.000" classname="testcases.Counting"/>
  <testcase name="service" time="7.498" classname="testcases.Counting"/>
  <testcase name="service" time="0.000" classname="testcases.Counting"/>
  <testcase name="service" time="0.002" classname="testcases.Counting"/>
  <testcase name="service" time="0.000" classname="testcases.Counting"/>
  <testcase name="service" time="0.001" classname="testcases.Counting"/>
  <testcase name="service" time="7.802" classname="testcases.Counting"/>
  <testcase name="service" time="4.465" classname="testcases.Counting"/>
  <testcase name="service" time="3.134" classname="testcases.Counting"/>
  <testcase name="service" time="0.001" classname="testcases.Counting"/>
  <testcase name="service" time="2.095" classname="testcases.Counting"/>
  <testcase name="service" time="5.386" classname="testcases.Counting"/>
  <testcase name="service" time="0.001" classname="testcases.Counting"/>
  <testcase name="service" time="2.406" classname="testcases.Counting"/>
  <testcase name="service" time="0.018" classname="testcases.Counting"/>
  <testcase name="service" time="0.710" classname="testcases.Counting"/>
  <testcase name="service" time="5.004" classname="testcases.Counting"/>
  <testcase name="service" time="0.534" classname="testcases.Counting"/>
  <testcase name="service" time="3.509" classname="testcases.Counting"/>
  <testcase name="service" time="2.727" classname="testcases.Counting"/>
  <testcase name="service" time="1.342" classname="testcases.Counting"/>
  <testcase name="service" time="0.000" classname="testcases.Counting"/>
  <testcase name="service" time="0.002" classname="testcases.Counting"/>
  <testcase name="service" time="0.000" classname="testcases.Counting"/>
  <testcase name="service" time="4.443" classname="testcases.Counting"/>
  <testcase name="service" time="1.366" classname="testcases.Counting"/>
  <testcase name="service" time="8.358" classname="testcases.Counting"/>
  <testcase name="service" time="0.000" classname="testcases.Counting"/>
  <testcase name="service" time="5.181" classname="testcases.Counting"/>
  <testcase name="service" time="3.904" classname="testcases.Counting"/>
  <testcase name="service" time="7.511" classname="testcases.Counting"/>
  <testcase name="service" time="4.676" classname="testcases.Counting"/>
  <testcase name="service" time="8.520" classname="testcases.Counting"/>
  <testcase name="service" time="0.407" classname="testcases.Counting"/>
  <testcase name="service" time="0.001" classname="testcases.Counting"/>
  <testcase name="service" time="5.267" classname="testcases.Counting"/>
  <testcase name="service" time="0.000" classname="testcases.Counting"/>
  <testcase name="service" time="7.443" classname="testcases.Counting"/>
  <testcase name="service" time="4.131" classname="testcases.Counting"/>
  <testcase name="service" time="6.707" classname="testcases.Counting"/>
  <testcase name="service" time="1.576" classname="testcases.Counting"/>
  <testcase name="service" time="0.000" classname="testcases.Counting"/>
  <testcase name="service" time="4.900" classname="testcases.Counting"/>
  <testcase name="service" time="0.001" classname="testcases.Counting"/>
  <testcase name="service" time="3.492" classname="testcases.Counting"/>
  <testcase name="service" time="2.619" classname="testcases.Counting"/>
  <testcase name="service" time="6.316" classname="testcases.Counting"/>
  <testcase name="service" time="0.007" classname="testcases.Counting"/>
  <testcase name="service" time="0.000" classname="testcases.Counting"/>
  <testcase name="service" time="2.575" classname="testcases.Counting"/>
  <testcase name="service" time="4.470" classname="testcases.Counting"/>
  <testcase name="service" time="0.001" classname="testcases.Counting"/>
  <testcase name="service" time="3.298" classname="testcases.Counting"/>
  <testcase name="service" time="3.684" classname="testcases.Counting"/>
  <testcase name="service" time="1.002" classname="testcases.Counting"/>
  <testcase name="service" time="0.001" classname="testcases.Counting"/>
  <testcase name="service" time="0.001" classname="testcases.Counting"/>
  <testcase name="service" time="2.023" classname="testcases.Counting"/>
  <testcase name="service" time="5.405" classname="testcases.Counting"/>
  <testcase name="service" time="8.542" classname="testcases.Counting"/>
  <testcase name="service" time="0.000" classname="testcases.Counting"/>
  <testcase name="service" time="5.166" classname="testcases.Counting"/>
  <testcase name="service" time="7.447" classname="testcases.Counting"/>
  <testcase name="service" time="0.001" classname="testcases.Counting"/>
  <testcase name="service" time="0.000" classname="testcases.Counting"/>
  <testcase name="service" time="0.000" classname="testcases.Counting"/>
  <testcase name="service" time="0.000" classname="testcases.Counting"/>
  <testcase name="service" time="1.750" classname="testcases.Counting"/>
  <testcase name="service" time="0.001" classname="testcases.Counting"/>
</testsuite> <!-- testcases.Counting -->
